<?xml version="1.0" encoding="utf-8"?>
<TestRun id="ece1b530-752b-4d45-b4b8-24f8eb791a68" name="bhask@BHASBENZ 2025-05-10 15:46:17" runUser="BHASBENZ\bhask" xmlns="http://microsoft.com/schemas/VisualStudio/TeamTest/2010">
  <Times creation="2025-05-10T15:46:17.4916992+02:00" queuing="2025-05-10T15:46:17.4916995+02:00" start="2025-05-10T15:46:16.8319469+02:00" finish="2025-05-10T15:46:18.5370143+02:00" />
  <TestSettings name="default" id="af9a8fe4-39f8-4742-8af5-eb504281e2dd">
    <Deployment runDeploymentRoot="bhask_BHASBENZ_2025-05-10_15_46_17" />
  </TestSettings>
  <Results>
    <UnitTestResult executionId="5df16e29-4810-449c-928b-7638e12d822e" testId="08b63b6a-b269-f035-9089-63c09d6ba363" testName="StudyJet.API.Tests.RepositoryTests.CartRepoTest.InsertCourseToCartAsync_Success" computerName="BHASBENZ" duration="00:00:00.6733154" startTime="2025-05-10T15:46:18.0726564+02:00" endTime="2025-05-10T15:46:18.0726565+02:00" testType="13cdc9d9-ddb5-4fa4-a97d-d965ccfc6d4b" outcome="Passed" testListId="8c84fa94-04c1-424b-9868-57a2d4851a1d" relativeResultsDirectory="5df16e29-4810-449c-928b-7638e12d822e" />
    <UnitTestResult executionId="6bdfbe1e-1ccc-4a5d-aa6b-1c9114b94e82" testId="9a732e6c-a9a4-411f-f581-1e37dbe98c9d" testName="StudyJet.API.Tests.ServiceTests.UserServiceTest.CountInstructorAsync_ReturnsCorrectCount_WhenInstructorsExist" computerName="BHASBENZ" duration="00:00:00.0006240" startTime="2025-05-10T15:46:17.6618887+02:00" endTime="2025-05-10T15:46:17.6618888+02:00" testType="13cdc9d9-ddb5-4fa4-a97d-d965ccfc6d4b" outcome="Passed" testListId="8c84fa94-04c1-424b-9868-57a2d4851a1d" relativeResultsDirectory="6bdfbe1e-1ccc-4a5d-aa6b-1c9114b94e82" />
    <UnitTestResult executionId="e0d9b75b-c929-46fa-ad7c-48ed06bfaec7" testId="aa3e1bca-4b4e-df30-4e0c-eb2b3f35650d" testName="StudyJet.API.Tests.ControllerTests.AuthControllerTests.ChangePassword_ShouldReturnBadRequest_WhenUserIdNotFoundInToken" computerName="BHASBENZ" duration="00:00:00.0006062" startTime="2025-05-10T15:46:17.6995281+02:00" endTime="2025-05-10T15:46:17.6995282+02:00" testType="13cdc9d9-ddb5-4fa4-a97d-d965ccfc6d4b" outcome="Passed" testListId="8c84fa94-04c1-424b-9868-57a2d4851a1d" relativeResultsDirectory="e0d9b75b-c929-46fa-ad7c-48ed06bfaec7" />
    <UnitTestResult executionId="f7f8e670-b8f7-446d-9905-4a97789075c9" testId="817d1c97-34cc-19ec-1202-abfdf9d74be3" testName="StudyJet.API.Tests.ServiceTests.UserServiceTest.GetUserByEmailAsync_EmailDoesNotExist_ReturnsNull" computerName="BHASBENZ" duration="00:00:00.0012823" startTime="2025-05-10T15:46:17.6440830+02:00" endTime="2025-05-10T15:46:17.6440831+02:00" testType="13cdc9d9-ddb5-4fa4-a97d-d965ccfc6d4b" outcome="Passed" testListId="8c84fa94-04c1-424b-9868-57a2d4851a1d" relativeResultsDirectory="f7f8e670-b8f7-446d-9905-4a97789075c9" />
    <UnitTestResult executionId="b6a186bc-af73-4ef7-b34d-b367f9d24477" testId="7a53ad05-53e3-6cd7-4e69-82738707ec19" testName="StudyJet.API.Tests.RepositoryTests.UserRepoTest.UsernameExistsAsync_ReturnsTrue_WhenUsernameExists" computerName="BHASBENZ" duration="00:00:00.6553227" startTime="2025-05-10T15:46:18.0545143+02:00" endTime="2025-05-10T15:46:18.0545145+02:00" testType="13cdc9d9-ddb5-4fa4-a97d-d965ccfc6d4b" outcome="Passed" testListId="8c84fa94-04c1-424b-9868-57a2d4851a1d" relativeResultsDirectory="b6a186bc-af73-4ef7-b34d-b367f9d24477" />
    <UnitTestResult executionId="2dcf48c7-c3c9-40a5-8677-ca0f9910c260" testId="b6d073d1-3f0a-66d1-5f09-58acf19eda37" testName="StudyJet.API.Tests.ServiceTests.AuthServiceTest.Verify2FACodeAsync_ValidCode_ReturnsTrue" computerName="BHASBENZ" duration="00:00:00.0015123" startTime="2025-05-10T15:46:17.7263067+02:00" endTime="2025-05-10T15:46:17.7263067+02:00" testType="13cdc9d9-ddb5-4fa4-a97d-d965ccfc6d4b" outcome="Passed" testListId="8c84fa94-04c1-424b-9868-57a2d4851a1d" relativeResultsDirectory="2dcf48c7-c3c9-40a5-8677-ca0f9910c260" />
    <UnitTestResult executionId="af69fa5e-27de-4de8-9763-714ef83a7203" testId="85f8173d-e567-a7b6-7ec5-984bfe168c93" testName="StudyJet.API.Tests.ServiceTests.EmailServiceTest.SendConfirmationEmailAsync_ReturnsFailure_WhenInputIsInvalid(email: &quot;user@example.com&quot;, link: null)" computerName="BHASBENZ" duration="00:00:00.0001787" startTime="2025-05-10T15:46:17.5042490+02:00" endTime="2025-05-10T15:46:17.5042490+02:00" testType="13cdc9d9-ddb5-4fa4-a97d-d965ccfc6d4b" outcome="Passed" testListId="8c84fa94-04c1-424b-9868-57a2d4851a1d" relativeResultsDirectory="af69fa5e-27de-4de8-9763-714ef83a7203" />
    <UnitTestResult executionId="8a373cdf-5ab6-41d5-8ddd-1ace117f276a" testId="40e62659-7cf5-8b92-3e98-4128021d509a" testName="StudyJet.API.Tests.ControllerTests.AuthControllerTests.Disable2FA_ShouldReturnUnauthorized_WhenUserIdNotFoundInClaims" computerName="BHASBENZ" duration="00:00:00.0055862" startTime="2025-05-10T15:46:17.6690739+02:00" endTime="2025-05-10T15:46:17.6690742+02:00" testType="13cdc9d9-ddb5-4fa4-a97d-d965ccfc6d4b" outcome="Passed" testListId="8c84fa94-04c1-424b-9868-57a2d4851a1d" relativeResultsDirectory="8a373cdf-5ab6-41d5-8ddd-1ace117f276a" />
    <UnitTestResult executionId="99f547db-2406-4390-9490-33ef74951eb9" testId="fad155c6-f10c-386f-97d6-2c466de7c23c" testName="StudyJet.API.Tests.ServiceTests.UserServiceTest.CountStudentAsync_ReturnsZero_WhenNoStudentsFound" computerName="BHASBENZ" duration="00:00:00.0006489" startTime="2025-05-10T15:46:17.6612012+02:00" endTime="2025-05-10T15:46:17.6612013+02:00" testType="13cdc9d9-ddb5-4fa4-a97d-d965ccfc6d4b" outcome="Passed" testListId="8c84fa94-04c1-424b-9868-57a2d4851a1d" relativeResultsDirectory="99f547db-2406-4390-9490-33ef74951eb9" />
    <UnitTestResult executionId="45e10012-feab-4f4f-8593-b97468056226" testId="8ed6db83-21cd-2e7c-0b9b-61e0ebd7140d" testName="StudyJet.API.Tests.ServiceTests.AuthServiceTest.RegisterUserAsync_PasswordsDoNotMatch_ReturnsPasswordMismatchError" computerName="BHASBENZ" duration="00:00:00.0005731" startTime="2025-05-10T15:46:17.7224788+02:00" endTime="2025-05-10T15:46:17.7224788+02:00" testType="13cdc9d9-ddb5-4fa4-a97d-d965ccfc6d4b" outcome="Passed" testListId="8c84fa94-04c1-424b-9868-57a2d4851a1d" relativeResultsDirectory="45e10012-feab-4f4f-8593-b97468056226" />
    <UnitTestResult executionId="83c316ee-b209-4bb6-aabf-8fc0adcfac0b" testId="2dc6eba9-eed8-7d8f-86bc-f6ade9eb6fe1" testName="StudyJet.API.Tests.ServiceTests.CourseServiceTest.UpdateAsync_UpdatesCourse_WhenCourseExists" computerName="BHASBENZ" duration="00:00:00.0028241" startTime="2025-05-10T15:46:17.5620313+02:00" endTime="2025-05-10T15:46:17.5620314+02:00" testType="13cdc9d9-ddb5-4fa4-a97d-d965ccfc6d4b" outcome="Passed" testListId="8c84fa94-04c1-424b-9868-57a2d4851a1d" relativeResultsDirectory="83c316ee-b209-4bb6-aabf-8fc0adcfac0b" />
    <UnitTestResult executionId="5f03aaae-2b52-40a0-a770-7ffefd2c47f5" testId="10d3f586-0863-9a84-848d-4ab224e0b9df" testName="StudyJet.API.Tests.ServiceTests.CategoryServiceTest.DeleteAsync_ReturnsTrue_WhenCategoryExistsAndIsDeleted" computerName="BHASBENZ" duration="00:00:00.0024071" startTime="2025-05-10T15:46:17.4926704+02:00" endTime="2025-05-10T15:46:17.4926705+02:00" testType="13cdc9d9-ddb5-4fa4-a97d-d965ccfc6d4b" outcome="Passed" testListId="8c84fa94-04c1-424b-9868-57a2d4851a1d" relativeResultsDirectory="5f03aaae-2b52-40a0-a770-7ffefd2c47f5" />
    <UnitTestResult executionId="30d9eac7-32aa-49e0-a670-7653fdef6a7b" testId="11c2de4d-20aa-4e77-b53b-72a1c8165a12" testName="StudyJet.API.Tests.ControllerTests.UserPurchaseCourseControllerTest.StripeWebhook_ShouldReturnUnauthorized_WhenStripeSignatureHeaderMissing" computerName="BHASBENZ" duration="00:00:00.0066793" startTime="2025-05-10T15:46:17.5980975+02:00" endTime="2025-05-10T15:46:17.5980976+02:00" testType="13cdc9d9-ddb5-4fa4-a97d-d965ccfc6d4b" outcome="Passed" testListId="8c84fa94-04c1-424b-9868-57a2d4851a1d" relativeResultsDirectory="30d9eac7-32aa-49e0-a670-7653fdef6a7b" />
    <UnitTestResult executionId="8bfd297e-0487-485e-9159-7a15b64e61ba" testId="22925fc5-125b-7a2d-4e4d-f06fcb41c624" testName="StudyJet.API.Tests.ServiceTests.AuthServiceTest.Disable2faAsync_ReturnsFalse_WhenUpdateFails" computerName="BHASBENZ" duration="00:00:00.0012368" startTime="2025-05-10T15:46:17.8399939+02:00" endTime="2025-05-10T15:46:17.8399940+02:00" testType="13cdc9d9-ddb5-4fa4-a97d-d965ccfc6d4b" outcome="Passed" testListId="8c84fa94-04c1-424b-9868-57a2d4851a1d" relativeResultsDirectory="8bfd297e-0487-485e-9159-7a15b64e61ba" />
    <UnitTestResult executionId="9ea3c257-506f-47bf-8b82-b3b1c9d4a137" testId="c9ac6b04-0202-9feb-9e97-278f01806034" testName="StudyJet.API.Tests.ControllerTests.CartControllerTest.GetCourseDetails_UserNotAuthenticated_ReturnsUnauthorized" computerName="BHASBENZ" duration="00:00:00.0008101" startTime="2025-05-10T15:46:17.5883441+02:00" endTime="2025-05-10T15:46:17.5883442+02:00" testType="13cdc9d9-ddb5-4fa4-a97d-d965ccfc6d4b" outcome="Passed" testListId="8c84fa94-04c1-424b-9868-57a2d4851a1d" relativeResultsDirectory="9ea3c257-506f-47bf-8b82-b3b1c9d4a137" />
    <UnitTestResult executionId="4c0abdcb-9cfc-40fe-b202-92639d479340" testId="24c51b4b-2c4e-f0d4-334e-4fe3e22f2e07" testName="StudyJet.API.Tests.ControllerTests.CourseControllerTest.ApproveCourse_ShouldReturnNotFound_WhenCourseApprovalFails" computerName="BHASBENZ" duration="00:00:00.0018800" startTime="2025-05-10T15:46:17.5703817+02:00" endTime="2025-05-10T15:46:17.5703818+02:00" testType="13cdc9d9-ddb5-4fa4-a97d-d965ccfc6d4b" outcome="Passed" testListId="8c84fa94-04c1-424b-9868-57a2d4851a1d" relativeResultsDirectory="4c0abdcb-9cfc-40fe-b202-92639d479340" />
    <UnitTestResult executionId="1a893a7f-7bee-4ddc-8278-00afe2b0d4ae" testId="4d7f6dee-61a4-3347-a5f7-9a3379549a66" testName="StudyJet.API.Tests.RepositoryTests.CourseRepoTest.SubmitCourseUpdateAsync_WithValidData_SavesPendingUpdate" computerName="BHASBENZ" duration="00:00:00.0052625" startTime="2025-05-10T15:46:18.2966813+02:00" endTime="2025-05-10T15:46:18.2966816+02:00" testType="13cdc9d9-ddb5-4fa4-a97d-d965ccfc6d4b" outcome="Passed" testListId="8c84fa94-04c1-424b-9868-57a2d4851a1d" relativeResultsDirectory="1a893a7f-7bee-4ddc-8278-00afe2b0d4ae" />
    <UnitTestResult executionId="97dc403a-b273-48f9-98eb-a7c4bf71c61a" testId="29a98b3c-bab7-8b31-6040-19f6b34064ba" testName="StudyJet.API.Tests.ControllerTests.UploadCVControllerTest.UploadCV_ShouldReturnOk_WhenFileIsUploadedSuccessfully" computerName="BHASBENZ" duration="00:00:00.0019753" startTime="2025-05-10T15:46:17.5771742+02:00" endTime="2025-05-10T15:46:17.5771743+02:00" testType="13cdc9d9-ddb5-4fa4-a97d-d965ccfc6d4b" outcome="Passed" testListId="8c84fa94-04c1-424b-9868-57a2d4851a1d" relativeResultsDirectory="97dc403a-b273-48f9-98eb-a7c4bf71c61a" />
    <UnitTestResult executionId="b4526d65-b555-416c-b160-309580a1904e" testId="006ebe12-2d25-2d12-9667-66c2d05b84ba" testName="StudyJet.API.Tests.RepositoryTests.CourseRepoTest.SelectByInstructorIdAsync_WithValidInstructorId_ReturnsCourses" computerName="BHASBENZ" duration="00:00:00.0021926" startTime="2025-05-10T15:46:18.1940124+02:00" endTime="2025-05-10T15:46:18.1940127+02:00" testType="13cdc9d9-ddb5-4fa4-a97d-d965ccfc6d4b" outcome="Passed" testListId="8c84fa94-04c1-424b-9868-57a2d4851a1d" relativeResultsDirectory="b4526d65-b555-416c-b160-309580a1904e" />
    <UnitTestResult executionId="c9e87046-268a-4326-b2fa-962faf7770fd" testId="da2f7f09-8850-15a1-0f32-d0c2aefcf52c" testName="StudyJet.API.Tests.RepositoryTests.CartRepoTest.SelectCartItemsAsync_Success" computerName="BHASBENZ" duration="00:00:00.0449022" startTime="2025-05-10T15:46:18.1845111+02:00" endTime="2025-05-10T15:46:18.1845112+02:00" testType="13cdc9d9-ddb5-4fa4-a97d-d965ccfc6d4b" outcome="Passed" testListId="8c84fa94-04c1-424b-9868-57a2d4851a1d" relativeResultsDirectory="c9e87046-268a-4326-b2fa-962faf7770fd" />
    <UnitTestResult executionId="bdcdb50b-6e78-4a05-a20b-557ce459e02c" testId="cf1660dd-1fb1-7844-6801-7724f01b4e98" testName="StudyJet.API.Tests.RepositoryTests.CourseRepoTest.ApprovePendingUpdatesAsync_WithValidPendingUpdate_ApprovesUpdateAndCourse" computerName="BHASBENZ" duration="00:00:00.0078945" startTime="2025-05-10T15:46:18.3318848+02:00" endTime="2025-05-10T15:46:18.3318850+02:00" testType="13cdc9d9-ddb5-4fa4-a97d-d965ccfc6d4b" outcome="Passed" testListId="8c84fa94-04c1-424b-9868-57a2d4851a1d" relativeResultsDirectory="bdcdb50b-6e78-4a05-a20b-557ce459e02c" />
    <UnitTestResult executionId="ffc2051f-5668-4f10-96c6-76c528d76b2a" testId="4d80f38b-00d6-0f4d-8172-b94efd69b24d" testName="StudyJet.API.Tests.ServiceTests.AuthServiceTest.GenerateJwtTokenAsync_ReturnsValidJwtToken" computerName="BHASBENZ" duration="00:00:00.0261583" startTime="2025-05-10T15:46:17.8387599+02:00" endTime="2025-05-10T15:46:17.8387602+02:00" testType="13cdc9d9-ddb5-4fa4-a97d-d965ccfc6d4b" outcome="Passed" testListId="8c84fa94-04c1-424b-9868-57a2d4851a1d" relativeResultsDirectory="ffc2051f-5668-4f10-96c6-76c528d76b2a" />
    <UnitTestResult executionId="380ff162-284a-4527-99ad-c196a3d243ef" testId="8841d056-ab9d-82e3-ef58-0690f837500f" testName="StudyJet.API.Tests.ControllerTests.CourseControllerTest.ApprovePendingUpdate_ShouldReturnOk_WhenUpdateIsApprovedSuccessfully" computerName="BHASBENZ" duration="00:00:00.0017370" startTime="2025-05-10T15:46:17.5524100+02:00" endTime="2025-05-10T15:46:17.5524101+02:00" testType="13cdc9d9-ddb5-4fa4-a97d-d965ccfc6d4b" outcome="Passed" testListId="8c84fa94-04c1-424b-9868-57a2d4851a1d" relativeResultsDirectory="380ff162-284a-4527-99ad-c196a3d243ef" />
    <UnitTestResult executionId="ab62f78d-b430-4cce-836f-b388c6b30c86" testId="8d82d987-86ff-3aa3-6c9f-7545154f39bc" testName="StudyJet.API.Tests.ServiceTests.UserServiceTest.UpdateUserAsync_UpdateFails_ThrowsExceptionWithErrorMessage" computerName="BHASBENZ" duration="00:00:00.0021390" startTime="2025-05-10T15:46:17.6568405+02:00" endTime="2025-05-10T15:46:17.6568406+02:00" testType="13cdc9d9-ddb5-4fa4-a97d-d965ccfc6d4b" outcome="Passed" testListId="8c84fa94-04c1-424b-9868-57a2d4851a1d" relativeResultsDirectory="ab62f78d-b430-4cce-836f-b388c6b30c86" />
    <UnitTestResult executionId="6f47a28d-ff3a-46c2-b175-9451436d592d" testId="3cde2198-077e-ca91-64ae-5341709aef6e" testName="StudyJet.API.Tests.ControllerTests.AuthControllerTests.ResetPassword_ShouldReturnBadRequest_WhenPasswordResetFails" computerName="BHASBENZ" duration="00:00:00.0023205" startTime="2025-05-10T15:46:17.6904633+02:00" endTime="2025-05-10T15:46:17.6904634+02:00" testType="13cdc9d9-ddb5-4fa4-a97d-d965ccfc6d4b" outcome="Passed" testListId="8c84fa94-04c1-424b-9868-57a2d4851a1d" relativeResultsDirectory="6f47a28d-ff3a-46c2-b175-9451436d592d" />
    <UnitTestResult executionId="cdffb39e-e449-4d6d-aeac-1409a287d8f8" testId="26243b88-5763-f0b7-110c-cadd29f55768" testName="StudyJet.API.Tests.ServiceTests.UserServiceTest.RegisterInstructorAsync_ReturnsFailure_WhenEmailAlreadyExists" computerName="BHASBENZ" duration="00:00:00.0019375" startTime="2025-05-10T15:46:17.6589497+02:00" endTime="2025-05-10T15:46:17.6589498+02:00" testType="13cdc9d9-ddb5-4fa4-a97d-d965ccfc6d4b" outcome="Passed" testListId="8c84fa94-04c1-424b-9868-57a2d4851a1d" relativeResultsDirectory="cdffb39e-e449-4d6d-aeac-1409a287d8f8" />
    <UnitTestResult executionId="a9ee6876-ba3e-417b-95ed-ee5d69d890b7" testId="8686fcda-b82f-4f90-3802-2825e0e0f898" testName="StudyJet.API.Tests.RepositoryTests.CourseRepoTest.SelectByIdsAsync_WhenValidCourseIds_ReturnsCorrectCourses" computerName="BHASBENZ" duration="00:00:00.0013863" startTime="2025-05-10T15:46:18.4364278+02:00" endTime="2025-05-10T15:46:18.4364281+02:00" testType="13cdc9d9-ddb5-4fa4-a97d-d965ccfc6d4b" outcome="Passed" testListId="8c84fa94-04c1-424b-9868-57a2d4851a1d" relativeResultsDirectory="a9ee6876-ba3e-417b-95ed-ee5d69d890b7" />
    <UnitTestResult executionId="77240ef0-a83a-479c-b716-7f5a7438a640" testId="a5418571-537e-d773-41af-a342cc8d1966" testName="StudyJet.API.Tests.ServiceTests.CourseServiceTest.ApprovePendingUpdatesAsync_ReturnsTrue_WhenPendingUpdateExists" computerName="BHASBENZ" duration="00:00:00.0019864" startTime="2025-05-10T15:46:17.5929320+02:00" endTime="2025-05-10T15:46:17.5929321+02:00" testType="13cdc9d9-ddb5-4fa4-a97d-d965ccfc6d4b" outcome="Passed" testListId="8c84fa94-04c1-424b-9868-57a2d4851a1d" relativeResultsDirectory="77240ef0-a83a-479c-b716-7f5a7438a640" />
    <UnitTestResult executionId="b8fb1a2c-cdb0-44ea-993f-e820443c0834" testId="73c3e722-2418-4237-29b4-4bd6cb743542" testName="StudyJet.API.Tests.ServiceTests.FileStorageServiceTest.SaveProfilePictureAsync_ShouldReturnDefaultProfilePicture_WhenNoFileUploaded" computerName="BHASBENZ" duration="00:00:00.0022751" startTime="2025-05-10T15:46:17.5496222+02:00" endTime="2025-05-10T15:46:17.5496223+02:00" testType="13cdc9d9-ddb5-4fa4-a97d-d965ccfc6d4b" outcome="Passed" testListId="8c84fa94-04c1-424b-9868-57a2d4851a1d" relativeResultsDirectory="b8fb1a2c-cdb0-44ea-993f-e820443c0834" />
    <UnitTestResult executionId="8a980730-5ea6-456b-b586-3e8a9c739f60" testId="e357a813-ac10-6570-b297-676dbc6e88f8" testName="StudyJet.API.Tests.ControllerTests.UserControllerTest.CountInstructors_ShouldReturnOk_WithInstructorCount" computerName="BHASBENZ" duration="00:00:00.0012960" startTime="2025-05-10T15:46:17.5312625+02:00" endTime="2025-05-10T15:46:17.5312627+02:00" testType="13cdc9d9-ddb5-4fa4-a97d-d965ccfc6d4b" outcome="Passed" testListId="8c84fa94-04c1-424b-9868-57a2d4851a1d" relativeResultsDirectory="8a980730-5ea6-456b-b586-3e8a9c739f60" />
    <UnitTestResult executionId="b1a13ba3-a549-4f5a-9cd5-44b4d945f316" testId="c5273e4e-1ac7-28dd-def2-0f6e28bef8d4" testName="StudyJet.API.Tests.RepositoryTests.CourseRepoTest.SelectLatestCourseUpdateByCourseIdAsync_WhenUpdatesExist_ReturnsLatestUpdate" computerName="BHASBENZ" duration="00:00:00.0101443" startTime="2025-05-10T15:46:18.1358533+02:00" endTime="2025-05-10T15:46:18.1358534+02:00" testType="13cdc9d9-ddb5-4fa4-a97d-d965ccfc6d4b" outcome="Passed" testListId="8c84fa94-04c1-424b-9868-57a2d4851a1d" relativeResultsDirectory="b1a13ba3-a549-4f5a-9cd5-44b4d945f316" />
    <UnitTestResult executionId="6df9c5c6-95d1-422f-82eb-fcad31a8ccff" testId="f3905a30-df7b-b36b-c7a4-41c6b678fca0" testName="StudyJet.API.Tests.ControllerTests.CourseControllerTest.ApproveCourse_ShouldReturnOk_WhenCourseIsApprovedSuccessfully" computerName="BHASBENZ" duration="00:00:00.0017224" startTime="2025-05-10T15:46:17.5766684+02:00" endTime="2025-05-10T15:46:17.5766685+02:00" testType="13cdc9d9-ddb5-4fa4-a97d-d965ccfc6d4b" outcome="Passed" testListId="8c84fa94-04c1-424b-9868-57a2d4851a1d" relativeResultsDirectory="6df9c5c6-95d1-422f-82eb-fcad31a8ccff" />
    <UnitTestResult executionId="86591cb9-1386-4ae2-ad05-0fe26767d4bd" testId="2084e446-fc0c-cde2-b26b-222885074932" testName="StudyJet.API.Tests.ServiceTests.CartServiceTest.GetCourseDetailsAsync_WithValidCourseId_ReturnsCourse" computerName="BHASBENZ" duration="00:00:00.0035604" startTime="2025-05-10T15:46:17.4752692+02:00" endTime="2025-05-10T15:46:17.4752693+02:00" testType="13cdc9d9-ddb5-4fa4-a97d-d965ccfc6d4b" outcome="Passed" testListId="8c84fa94-04c1-424b-9868-57a2d4851a1d" relativeResultsDirectory="86591cb9-1386-4ae2-ad05-0fe26767d4bd" />
    <UnitTestResult executionId="6577037c-5e3a-41af-9a76-27cc1bc6db29" testId="39ee311f-91df-f8ba-ecd7-5d9e30b55567" testName="StudyJet.API.Tests.RepositoryTests.NotificationRepoTest.SelectByIdAsync_ReturnsNotificationWithRelationships_WhenExists" computerName="BHASBENZ" duration="00:00:00.0029600" startTime="2025-05-10T15:46:18.1194099+02:00" endTime="2025-05-10T15:46:18.1194101+02:00" testType="13cdc9d9-ddb5-4fa4-a97d-d965ccfc6d4b" outcome="Passed" testListId="8c84fa94-04c1-424b-9868-57a2d4851a1d" relativeResultsDirectory="6577037c-5e3a-41af-9a76-27cc1bc6db29" />
    <UnitTestResult executionId="e390bdf2-f0a9-45c4-9cd1-0d9fbf01605e" testId="e4132d7b-5391-2df8-560a-77a923b20704" testName="StudyJet.API.Tests.ServiceTests.AuthServiceTest.ForgotPasswordAsync_ReturnsTrue_WhenEmailExistsAndEmailIsSent" computerName="BHASBENZ" duration="00:00:00.0023657" startTime="2025-05-10T15:46:17.7247665+02:00" endTime="2025-05-10T15:46:17.7247666+02:00" testType="13cdc9d9-ddb5-4fa4-a97d-d965ccfc6d4b" outcome="Passed" testListId="8c84fa94-04c1-424b-9868-57a2d4851a1d" relativeResultsDirectory="e390bdf2-f0a9-45c4-9cd1-0d9fbf01605e" />
    <UnitTestResult executionId="a3f17bbe-352b-4145-ad37-59c634b460af" testId="a19051bb-4d4c-9694-910b-84fddff9ba39" testName="StudyJet.API.Tests.ServiceTests.AuthServiceTest.ChangePasswordAsync_ReturnsTrue_WhenPasswordChangeIsSuccessful" computerName="BHASBENZ" duration="00:00:00.0016246" startTime="2025-05-10T15:46:17.8076705+02:00" endTime="2025-05-10T15:46:17.8076708+02:00" testType="13cdc9d9-ddb5-4fa4-a97d-d965ccfc6d4b" outcome="Passed" testListId="8c84fa94-04c1-424b-9868-57a2d4851a1d" relativeResultsDirectory="a3f17bbe-352b-4145-ad37-59c634b460af" />
    <UnitTestResult executionId="25b1a64a-67de-4fad-b551-485137ef1903" testId="d766e4a5-f485-1dc7-fc0f-f91d6f19b234" testName="StudyJet.API.Tests.ControllerTests.CourseControllerTest.SubmitUpdate_ShouldReturnOk_WhenCourseUpdateIsSuccessful" computerName="BHASBENZ" duration="00:00:00.0043528" startTime="2025-05-10T15:46:17.5623436+02:00" endTime="2025-05-10T15:46:17.5623437+02:00" testType="13cdc9d9-ddb5-4fa4-a97d-d965ccfc6d4b" outcome="Passed" testListId="8c84fa94-04c1-424b-9868-57a2d4851a1d" relativeResultsDirectory="25b1a64a-67de-4fad-b551-485137ef1903" />
    <UnitTestResult executionId="02847ee7-bce5-4e2f-9a56-6b4cf22f8634" testId="f3ecd214-b3a6-6437-5c15-8fcf3a6edae7" testName="StudyJet.API.Tests.ServiceTests.CourseServiceTest.AddAsync_SavesImage_WhenImageFileIsProvided" computerName="BHASBENZ" duration="00:00:00.0043030" startTime="2025-05-10T15:46:17.5584989+02:00" endTime="2025-05-10T15:46:17.5584990+02:00" testType="13cdc9d9-ddb5-4fa4-a97d-d965ccfc6d4b" outcome="Passed" testListId="8c84fa94-04c1-424b-9868-57a2d4851a1d" relativeResultsDirectory="02847ee7-bce5-4e2f-9a56-6b4cf22f8634" />
    <UnitTestResult executionId="7bbaeb27-0fcc-4c2c-aab2-5ec1687950f0" testId="4b07bb4b-6b47-09f8-f13a-9425cdfdcfe1" testName="StudyJet.API.Tests.ServiceTests.AuthServiceTest.Confirm2faSetupAsync_ReturnsSuccess_WhenValidCodeIsProvided" computerName="BHASBENZ" duration="00:00:00.0021966" startTime="2025-05-10T15:46:17.7982982+02:00" endTime="2025-05-10T15:46:17.7982985+02:00" testType="13cdc9d9-ddb5-4fa4-a97d-d965ccfc6d4b" outcome="Passed" testListId="8c84fa94-04c1-424b-9868-57a2d4851a1d" relativeResultsDirectory="7bbaeb27-0fcc-4c2c-aab2-5ec1687950f0" />
    <UnitTestResult executionId="9a3ff0bf-904d-4687-9511-b45210c16164" testId="78ba5ad9-2b4d-1a30-5fde-34494e322f27" testName="StudyJet.API.Tests.ControllerTests.CategoryControllerTest.GetCategoryById_ReturnsNotFoundResult_WhenCategoryDoesNotExist" computerName="BHASBENZ" duration="00:00:00.0020776" startTime="2025-05-10T15:46:17.4745402+02:00" endTime="2025-05-10T15:46:17.4745404+02:00" testType="13cdc9d9-ddb5-4fa4-a97d-d965ccfc6d4b" outcome="Passed" testListId="8c84fa94-04c1-424b-9868-57a2d4851a1d" relativeResultsDirectory="9a3ff0bf-904d-4687-9511-b45210c16164" />
    <UnitTestResult executionId="74c5562b-c5d3-4787-ac78-943a9e6f3721" testId="a20f2ffc-0443-ebf8-281a-2fd2da114f93" testName="StudyJet.API.Tests.ControllerTests.UserPurchaseCourseControllerTest.GetPurchasedCourse_ShouldReturnOkWithCourses_WhenCoursesExist" computerName="BHASBENZ" duration="00:00:00.0022905" startTime="2025-05-10T15:46:17.5913333+02:00" endTime="2025-05-10T15:46:17.5913333+02:00" testType="13cdc9d9-ddb5-4fa4-a97d-d965ccfc6d4b" outcome="Passed" testListId="8c84fa94-04c1-424b-9868-57a2d4851a1d" relativeResultsDirectory="74c5562b-c5d3-4787-ac78-943a9e6f3721" />
    <UnitTestResult executionId="87abac20-13bc-4276-8c70-8e5f5ec4fee6" testId="037511dc-6f84-fc0c-25c5-84cb5d247143" testName="StudyJet.API.Tests.ServiceTests.FileStorageServiceTest.SaveImageAsync_ShouldThrowArgumentException_WhenInvalidFileType" computerName="BHASBENZ" duration="00:00:00.0010116" startTime="2025-05-10T15:46:17.5502348+02:00" endTime="2025-05-10T15:46:17.5502350+02:00" testType="13cdc9d9-ddb5-4fa4-a97d-d965ccfc6d4b" outcome="Passed" testListId="8c84fa94-04c1-424b-9868-57a2d4851a1d" relativeResultsDirectory="87abac20-13bc-4276-8c70-8e5f5ec4fee6" />
    <UnitTestResult executionId="1cebd4c2-bde8-4c2c-b837-d00173fc50ae" testId="aec98bd5-178f-6157-6378-071cb0ba5a0b" testName="StudyJet.API.Tests.RepositoryTests.UserPurchaseCourseRepoTest.SelectSuggestedCoursesAsync_ReturnsSuggestedCourses_WhenUserHasNotPurchasedAnyCourses" computerName="BHASBENZ" duration="00:00:00.0026625" startTime="2025-05-10T15:46:18.1130351+02:00" endTime="2025-05-10T15:46:18.1130352+02:00" testType="13cdc9d9-ddb5-4fa4-a97d-d965ccfc6d4b" outcome="Passed" testListId="8c84fa94-04c1-424b-9868-57a2d4851a1d" relativeResultsDirectory="1cebd4c2-bde8-4c2c-b837-d00173fc50ae" />
    <UnitTestResult executionId="f8637030-2f43-48da-95b7-6a33bc385928" testId="37e453a4-c28b-5319-c87d-094ff8079edc" testName="StudyJet.API.Tests.RepositoryTests.UserPurchaseCourseRepoTest.InsertPurchaseAsync_Fails_WhenRequiredFieldsAreMissing" computerName="BHASBENZ" duration="00:00:00.0023701" startTime="2025-05-10T15:46:18.1474727+02:00" endTime="2025-05-10T15:46:18.1474728+02:00" testType="13cdc9d9-ddb5-4fa4-a97d-d965ccfc6d4b" outcome="Passed" testListId="8c84fa94-04c1-424b-9868-57a2d4851a1d" relativeResultsDirectory="f8637030-2f43-48da-95b7-6a33bc385928" />
    <UnitTestResult executionId="3352d25e-6c7b-48f7-a543-60c5b001d4f5" testId="6c2c7d5e-fb79-375c-9738-62361a016a9a" testName="StudyJet.API.Tests.RepositoryTests.CartRepoTest.InsertCourseToCartAsync_UserNotFound_Failure" computerName="BHASBENZ" duration="00:00:00.0012479" startTime="2025-05-10T15:46:18.0817543+02:00" endTime="2025-05-10T15:46:18.0817544+02:00" testType="13cdc9d9-ddb5-4fa4-a97d-d965ccfc6d4b" outcome="Passed" testListId="8c84fa94-04c1-424b-9868-57a2d4851a1d" relativeResultsDirectory="3352d25e-6c7b-48f7-a543-60c5b001d4f5" />
    <UnitTestResult executionId="2cf00ad4-6a36-46b8-a3d1-80be9867df19" testId="0587d6b5-c8b7-e8cd-b0b2-d85c4eb95adb" testName="StudyJet.API.Tests.ControllerTests.CourseControllerTest.GetPendingCourses_ShouldReturnOkWithPendingCourses" computerName="BHASBENZ" duration="00:00:00.0014002" startTime="2025-05-10T15:46:17.6517497+02:00" endTime="2025-05-10T15:46:17.6517498+02:00" testType="13cdc9d9-ddb5-4fa4-a97d-d965ccfc6d4b" outcome="Passed" testListId="8c84fa94-04c1-424b-9868-57a2d4851a1d" relativeResultsDirectory="2cf00ad4-6a36-46b8-a3d1-80be9867df19" />
    <UnitTestResult executionId="25ecb699-7610-4f9a-8ba0-db7450f0be51" testId="352195bd-0f1a-5fe2-4b84-7735e670122f" testName="StudyJet.API.Tests.ControllerTests.AuthControllerTests.VerifyTwoFactorLogin_ShouldReturnBadRequest_WhenTempTokenInvalid" computerName="BHASBENZ" duration="00:00:00.0135009" startTime="2025-05-10T15:46:17.6207355+02:00" endTime="2025-05-10T15:46:17.6207356+02:00" testType="13cdc9d9-ddb5-4fa4-a97d-d965ccfc6d4b" outcome="Passed" testListId="8c84fa94-04c1-424b-9868-57a2d4851a1d" relativeResultsDirectory="25ecb699-7610-4f9a-8ba0-db7450f0be51" />
    <UnitTestResult executionId="e9acc31f-9144-45cd-8b92-8b6054a44dcc" testId="1cf9e394-5c39-ea65-7308-cf74797b3447" testName="StudyJet.API.Tests.ServiceTests.UserServiceTest.CheckUsernameExistsAsync_UsernameExists_ReturnsTrue" computerName="BHASBENZ" duration="00:00:00.0014736" startTime="2025-05-10T15:46:17.6605265+02:00" endTime="2025-05-10T15:46:17.6605265+02:00" testType="13cdc9d9-ddb5-4fa4-a97d-d965ccfc6d4b" outcome="Passed" testListId="8c84fa94-04c1-424b-9868-57a2d4851a1d" relativeResultsDirectory="e9acc31f-9144-45cd-8b92-8b6054a44dcc" />
    <UnitTestResult executionId="c59fb0d4-f395-4705-b104-d8fb34378bf1" testId="ee06f83f-edeb-44c6-f3e2-01f66d482cee" testName="StudyJet.API.Tests.ControllerTests.CourseControllerTest.ApprovePendingUpdate_ShouldReturnNotFound_WhenNoPendingUpdateFound" computerName="BHASBENZ" duration="00:00:00.1424348" startTime="2025-05-10T15:46:17.5416816+02:00" endTime="2025-05-10T15:46:17.5416817+02:00" testType="13cdc9d9-ddb5-4fa4-a97d-d965ccfc6d4b" outcome="Passed" testListId="8c84fa94-04c1-424b-9868-57a2d4851a1d" relativeResultsDirectory="c59fb0d4-f395-4705-b104-d8fb34378bf1" />
    <UnitTestResult executionId="92a1588b-8316-4b7e-b667-31f26cd6215e" testId="9e029bb4-c79a-1d31-78bf-b3ef93113574" testName="StudyJet.API.Tests.RepositoryTests.CartRepoTest.SelectCourseDetailsAsync_Success" computerName="BHASBENZ" duration="00:00:00.0078233" startTime="2025-05-10T15:46:18.1382995+02:00" endTime="2025-05-10T15:46:18.1382996+02:00" testType="13cdc9d9-ddb5-4fa4-a97d-d965ccfc6d4b" outcome="Passed" testListId="8c84fa94-04c1-424b-9868-57a2d4851a1d" relativeResultsDirectory="92a1588b-8316-4b7e-b667-31f26cd6215e" />
    <UnitTestResult executionId="ee3ace9f-cdab-46d4-bb9a-a47122fea743" testId="8698395f-d51c-d5ec-eb2e-745b32950005" testName="StudyJet.API.Tests.ServiceTests.FileStorageServiceTest.SaveCVAsync_ShouldThrowArgumentException_WhenInvalidFileType" computerName="BHASBENZ" duration="00:00:00.0017096" startTime="2025-05-10T15:46:17.5444553+02:00" endTime="2025-05-10T15:46:17.5444554+02:00" testType="13cdc9d9-ddb5-4fa4-a97d-d965ccfc6d4b" outcome="Passed" testListId="8c84fa94-04c1-424b-9868-57a2d4851a1d" relativeResultsDirectory="ee3ace9f-cdab-46d4-bb9a-a47122fea743" />
    <UnitTestResult executionId="d26f6c2c-ddee-4fe4-b605-762b3d714167" testId="230565f3-14ad-f21a-b4bb-8e26e8acbeaa" testName="StudyJet.API.Tests.ServiceTests.AuthServiceTest.RegisterUserAsync_RoleAssignmentFails_ReturnsRoleAssignmentError" computerName="BHASBENZ" duration="00:00:00.0049312" startTime="2025-05-10T15:46:17.6215306+02:00" endTime="2025-05-10T15:46:17.6215307+02:00" testType="13cdc9d9-ddb5-4fa4-a97d-d965ccfc6d4b" outcome="Passed" testListId="8c84fa94-04c1-424b-9868-57a2d4851a1d" relativeResultsDirectory="d26f6c2c-ddee-4fe4-b605-762b3d714167" />
    <UnitTestResult executionId="4e96e3f0-1824-40d0-bab9-c42187183242" testId="64bd9bc7-9310-1e4d-effd-79a94bf1fdfd" testName="StudyJet.API.Tests.RepositoryTests.NotificationRepoTest.SelectByUserIdAsync_ShouldThrowArgumentException_WhenUserIdIsInvalid(invalidUserId: &quot;&quot;)" computerName="BHASBENZ" duration="00:00:00.0014517" startTime="2025-05-10T15:46:18.0556692+02:00" endTime="2025-05-10T15:46:18.0556693+02:00" testType="13cdc9d9-ddb5-4fa4-a97d-d965ccfc6d4b" outcome="Passed" testListId="8c84fa94-04c1-424b-9868-57a2d4851a1d" relativeResultsDirectory="4e96e3f0-1824-40d0-bab9-c42187183242" />
    <UnitTestResult executionId="dcf3b54e-d815-4a98-ad0a-ad5187171ca8" testId="6ba6ef1e-da04-91cf-ed92-d8ceb3fce604" testName="StudyJet.API.Tests.RepositoryTests.CourseRepoTest.SelectPendingCoursesAsync_WhenPendingCoursesExist_ReturnsOnlyPendingCourses" computerName="BHASBENZ" duration="00:00:00.0010726" startTime="2025-05-10T15:46:18.4028882+02:00" endTime="2025-05-10T15:46:18.4028884+02:00" testType="13cdc9d9-ddb5-4fa4-a97d-d965ccfc6d4b" outcome="Passed" testListId="8c84fa94-04c1-424b-9868-57a2d4851a1d" relativeResultsDirectory="dcf3b54e-d815-4a98-ad0a-ad5187171ca8" />
    <UnitTestResult executionId="9f6a9539-c3df-4937-a0ca-1478d7102151" testId="f4a276c0-c59e-21e6-b1f7-b5e310737831" testName="StudyJet.API.Tests.ServiceTests.AuthServiceTest.ResetPasswordAsync_ReturnsSuccess_WhenPasswordResetIsSuccessful" computerName="BHASBENZ" duration="00:00:00.0027020" startTime="2025-05-10T15:46:17.7897468+02:00" endTime="2025-05-10T15:46:17.7897469+02:00" testType="13cdc9d9-ddb5-4fa4-a97d-d965ccfc6d4b" outcome="Passed" testListId="8c84fa94-04c1-424b-9868-57a2d4851a1d" relativeResultsDirectory="9f6a9539-c3df-4937-a0ca-1478d7102151" />
    <UnitTestResult executionId="101b7821-7d9d-4530-9f7e-1078a8aeeb50" testId="9a208262-bbef-c2a7-ec67-8f36eb7bac06" testName="StudyJet.API.Tests.ServiceTests.AuthServiceTest.GenerateQRCodeImage_SpecialCharactersInURI_ReturnsQRCodeImage" computerName="BHASBENZ" duration="00:00:00.0906526" startTime="2025-05-10T15:46:17.7217385+02:00" endTime="2025-05-10T15:46:17.7217389+02:00" testType="13cdc9d9-ddb5-4fa4-a97d-d965ccfc6d4b" outcome="Passed" testListId="8c84fa94-04c1-424b-9868-57a2d4851a1d" relativeResultsDirectory="101b7821-7d9d-4530-9f7e-1078a8aeeb50" />
    <UnitTestResult executionId="421a1b9b-3aa2-4ac7-86ce-4ee8eff948ea" testId="1759184b-2998-5320-8cb6-c202082fc836" testName="StudyJet.API.Tests.ControllerTests.UserPurchaseCourseControllerTest.CreateCheckoutSession_ShouldReturnOk_WhenValidRequest" computerName="BHASBENZ" duration="00:00:00.0023071" startTime="2025-05-10T15:46:17.5889224+02:00" endTime="2025-05-10T15:46:17.5889225+02:00" testType="13cdc9d9-ddb5-4fa4-a97d-d965ccfc6d4b" outcome="Passed" testListId="8c84fa94-04c1-424b-9868-57a2d4851a1d" relativeResultsDirectory="421a1b9b-3aa2-4ac7-86ce-4ee8eff948ea" />
    <UnitTestResult executionId="81676867-1bca-4511-8b55-c77639f3c0fc" testId="4bf81e9d-d5c6-5377-c3c3-69dc0a9c23bc" testName="StudyJet.API.Tests.RepositoryTests.CourseRepoTest.RejectCourseAsync_WithValidCourseId_UpdatesStatusAndReturnsTrue" computerName="BHASBENZ" duration="00:00:00.0013684" startTime="2025-05-10T15:46:18.2158719+02:00" endTime="2025-05-10T15:46:18.2158723+02:00" testType="13cdc9d9-ddb5-4fa4-a97d-d965ccfc6d4b" outcome="Passed" testListId="8c84fa94-04c1-424b-9868-57a2d4851a1d" relativeResultsDirectory="81676867-1bca-4511-8b55-c77639f3c0fc" />
    <UnitTestResult executionId="810d6dfa-e9a1-4415-92b0-dedd58bf445d" testId="47c49f1b-c1aa-5338-e34c-f51ade6a7211" testName="StudyJet.API.Tests.ControllerTests.UploadCVControllerTest.UploadCV_ShouldReturnBadRequest_WhenUploadFails" computerName="BHASBENZ" duration="00:00:00.0023225" startTime="2025-05-10T15:46:17.5751620+02:00" endTime="2025-05-10T15:46:17.5751621+02:00" testType="13cdc9d9-ddb5-4fa4-a97d-d965ccfc6d4b" outcome="Passed" testListId="8c84fa94-04c1-424b-9868-57a2d4851a1d" relativeResultsDirectory="810d6dfa-e9a1-4415-92b0-dedd58bf445d" />
    <UnitTestResult executionId="d479e247-13e9-4956-9d49-0c3d0abee931" testId="dde78b97-7a32-0743-6672-9324e69bbf10" testName="StudyJet.API.Tests.ServiceTests.CourseServiceTest.ExistsAsync_ReturnsTrue_WhenCourseExists" computerName="BHASBENZ" duration="00:00:00.0009522" startTime="2025-05-10T15:46:17.6030764+02:00" endTime="2025-05-10T15:46:17.6030766+02:00" testType="13cdc9d9-ddb5-4fa4-a97d-d965ccfc6d4b" outcome="Passed" testListId="8c84fa94-04c1-424b-9868-57a2d4851a1d" relativeResultsDirectory="d479e247-13e9-4956-9d49-0c3d0abee931" />
    <UnitTestResult executionId="39537584-b13a-42e4-81ff-ba6957c98118" testId="2fe16215-8724-4af9-4abe-b19c1f106c39" testName="StudyJet.API.Tests.RepositoryTests.CourseRepoTest.SelectTotalCoursesByInstructorIdAsync_WithNullOrEmptyInstructorId_ThrowsArgumentException(instructorId: null)" computerName="BHASBENZ" duration="00:00:00.0001953" startTime="2025-05-10T15:46:18.2981459+02:00" endTime="2025-05-10T15:46:18.2981461+02:00" testType="13cdc9d9-ddb5-4fa4-a97d-d965ccfc6d4b" outcome="Passed" testListId="8c84fa94-04c1-424b-9868-57a2d4851a1d" relativeResultsDirectory="39537584-b13a-42e4-81ff-ba6957c98118" />
    <UnitTestResult executionId="46929c3e-da3b-4499-9c7e-2ff7968f058b" testId="065d0e2c-ebff-a26a-edb7-3d12f81bec08" testName="StudyJet.API.Tests.ControllerTests.UserPurchaseCourseControllerTest.GetSuggestedCourses_ShouldReturnUnauthorized_WhenUserIsNotAuthenticated" computerName="BHASBENZ" duration="00:00:00.0007053" startTime="2025-05-10T15:46:17.5853160+02:00" endTime="2025-05-10T15:46:17.5853160+02:00" testType="13cdc9d9-ddb5-4fa4-a97d-d965ccfc6d4b" outcome="Passed" testListId="8c84fa94-04c1-424b-9868-57a2d4851a1d" relativeResultsDirectory="46929c3e-da3b-4499-9c7e-2ff7968f058b" />
    <UnitTestResult executionId="6a3a3d61-80ad-4a1a-8f82-386dca3693de" testId="b9882e9a-e84f-9558-38a6-aa947057f709" testName="StudyJet.API.Tests.ServiceTests.CourseServiceTest.GetAllAsync_ReturnsEmptyList_WhenNoCoursesExist" computerName="BHASBENZ" duration="00:00:00.0009338" startTime="2025-05-10T15:46:17.6283156+02:00" endTime="2025-05-10T15:46:17.6283157+02:00" testType="13cdc9d9-ddb5-4fa4-a97d-d965ccfc6d4b" outcome="Passed" testListId="8c84fa94-04c1-424b-9868-57a2d4851a1d" relativeResultsDirectory="6a3a3d61-80ad-4a1a-8f82-386dca3693de" />
    <UnitTestResult executionId="f658f2fd-2dcd-4705-b4fb-7e893e23c3d8" testId="f71e3d66-56fa-bda9-ddc8-466c98b060e3" testName="StudyJet.API.Tests.ServiceTests.CourseServiceTest.GetByIdAsync_ReturnsUpdatedCourse_WhenUpdateExists" computerName="BHASBENZ" duration="00:00:00.0049009" startTime="2025-05-10T15:46:17.5708104+02:00" endTime="2025-05-10T15:46:17.5708105+02:00" testType="13cdc9d9-ddb5-4fa4-a97d-d965ccfc6d4b" outcome="Passed" testListId="8c84fa94-04c1-424b-9868-57a2d4851a1d" relativeResultsDirectory="f658f2fd-2dcd-4705-b4fb-7e893e23c3d8" />
    <UnitTestResult executionId="81bd6935-a14f-46e5-9b8f-331e305f8e71" testId="b3e640f4-fd3b-4b3f-fef5-5d361c675e6d" testName="StudyJet.API.Tests.ServiceTests.CategoryServiceTest.AddAsync_ThrowsException_WhenInsertFails" computerName="BHASBENZ" duration="00:00:00.0032713" startTime="2025-05-10T15:46:17.4821627+02:00" endTime="2025-05-10T15:46:17.4821628+02:00" testType="13cdc9d9-ddb5-4fa4-a97d-d965ccfc6d4b" outcome="Passed" testListId="8c84fa94-04c1-424b-9868-57a2d4851a1d" relativeResultsDirectory="81bd6935-a14f-46e5-9b8f-331e305f8e71" />
    <UnitTestResult executionId="49213d5c-5f26-4ec5-83d6-a1346304fa21" testId="de13656f-5f16-52cb-da97-3ffc5fa93774" testName="StudyJet.API.Tests.ServiceTests.CategoryServiceTest.UpdateAsync_UpdatesCategory_WhenCategoryExists" computerName="BHASBENZ" duration="00:00:00.0056927" startTime="2025-05-10T15:46:17.4878926+02:00" endTime="2025-05-10T15:46:17.4878928+02:00" testType="13cdc9d9-ddb5-4fa4-a97d-d965ccfc6d4b" outcome="Passed" testListId="8c84fa94-04c1-424b-9868-57a2d4851a1d" relativeResultsDirectory="49213d5c-5f26-4ec5-83d6-a1346304fa21" />
    <UnitTestResult executionId="997692ed-7980-484f-8f32-745c4aade62b" testId="258e4244-8686-b06e-f707-26e52cd3d460" testName="StudyJet.API.Tests.ServiceTests.CategoryServiceTest.GetByIdAsync_ReturnsCategoryResponseDTO_WhenCategoryExists" computerName="BHASBENZ" duration="00:00:00.0047198" startTime="2025-05-10T15:46:17.4764905+02:00" endTime="2025-05-10T15:46:17.4764907+02:00" testType="13cdc9d9-ddb5-4fa4-a97d-d965ccfc6d4b" outcome="Passed" testListId="8c84fa94-04c1-424b-9868-57a2d4851a1d" relativeResultsDirectory="997692ed-7980-484f-8f32-745c4aade62b" />
    <UnitTestResult executionId="74e4169f-53a7-446d-ad65-cbab911affa0" testId="12110751-cec5-829a-8231-c1d0ad71aab4" testName="StudyJet.API.Tests.RepositoryTests.CourseRepoTest.DeleteAsync_WithValidCourseId_DeletesCourseAndReturnsTrue" computerName="BHASBENZ" duration="00:00:00.0188403" startTime="2025-05-10T15:46:18.3738474+02:00" endTime="2025-05-10T15:46:18.3738477+02:00" testType="13cdc9d9-ddb5-4fa4-a97d-d965ccfc6d4b" outcome="Passed" testListId="8c84fa94-04c1-424b-9868-57a2d4851a1d" relativeResultsDirectory="74e4169f-53a7-446d-ad65-cbab911affa0" />
    <UnitTestResult executionId="05e5aee2-7246-4623-83c5-0c9d36e9c93c" testId="96b63aca-f9eb-a171-f439-a4dbc33ce580" testName="StudyJet.API.Tests.RepositoryTests.CourseRepoTest.SearchCoursesAsync_WithNonMatchingQuery_ReturnsEmptyList" computerName="BHASBENZ" duration="00:00:00.0189257" startTime="2025-05-10T15:46:18.2348210+02:00" endTime="2025-05-10T15:46:18.2348212+02:00" testType="13cdc9d9-ddb5-4fa4-a97d-d965ccfc6d4b" outcome="Passed" testListId="8c84fa94-04c1-424b-9868-57a2d4851a1d" relativeResultsDirectory="05e5aee2-7246-4623-83c5-0c9d36e9c93c" />
    <UnitTestResult executionId="92ffd874-0714-4c39-85cc-fb12779b3886" testId="9be9f8e0-74c9-35e7-9b5a-a7e08e98223e" testName="StudyJet.API.Tests.ServiceTests.CourseServiceTest.GetCourseForUpdateAsync_ReturnsNull_WhenCourseDoesNotExistOrInstructorDoesNotOwnIt" computerName="BHASBENZ" duration="00:00:00.0024546" startTime="2025-05-10T15:46:17.5541401+02:00" endTime="2025-05-10T15:46:17.5541402+02:00" testType="13cdc9d9-ddb5-4fa4-a97d-d965ccfc6d4b" outcome="Passed" testListId="8c84fa94-04c1-424b-9868-57a2d4851a1d" relativeResultsDirectory="92ffd874-0714-4c39-85cc-fb12779b3886" />
    <UnitTestResult executionId="e00960ae-fa2c-4daa-a65c-57c07cab5d3a" testId="bc8b2ba6-7560-66da-18de-6bf7310d2a19" testName="StudyJet.API.Tests.ControllerTests.AuthControllerTests.RegisterInstructor_ReturnsBadRequest_WhenFailed" computerName="BHASBENZ" duration="00:00:00.0025969" startTime="2025-05-10T15:46:17.6850326+02:00" endTime="2025-05-10T15:46:17.6850326+02:00" testType="13cdc9d9-ddb5-4fa4-a97d-d965ccfc6d4b" outcome="Passed" testListId="8c84fa94-04c1-424b-9868-57a2d4851a1d" relativeResultsDirectory="e00960ae-fa2c-4daa-a65c-57c07cab5d3a" />
    <UnitTestResult executionId="7df730ac-2342-4bbf-a119-8e28b0852257" testId="446cbc81-927a-2b07-7683-15dc5deab96f" testName="StudyJet.API.Tests.ServiceTests.FileStorageServiceTest.SaveImageAsync_ShouldThrowArgumentException_WhenFileIsNullOrEmpty" computerName="BHASBENZ" duration="00:00:00.0022476" startTime="2025-05-10T15:46:17.5468212+02:00" endTime="2025-05-10T15:46:17.5468213+02:00" testType="13cdc9d9-ddb5-4fa4-a97d-d965ccfc6d4b" outcome="Passed" testListId="8c84fa94-04c1-424b-9868-57a2d4851a1d" relativeResultsDirectory="7df730ac-2342-4bbf-a119-8e28b0852257" />
    <UnitTestResult executionId="5a384130-d533-4d46-a7fd-8f156e8c0d32" testId="1eb9fc06-23e2-b42c-07f7-98108527f980" testName="StudyJet.API.Tests.ServiceTests.UserServiceTest.RegisterInstructorAsync_ReturnsFailure_WhenUsernameAlreadyExists" computerName="BHASBENZ" duration="00:00:00.0018618" startTime="2025-05-10T15:46:17.6637178+02:00" endTime="2025-05-10T15:46:17.6637179+02:00" testType="13cdc9d9-ddb5-4fa4-a97d-d965ccfc6d4b" outcome="Passed" testListId="8c84fa94-04c1-424b-9868-57a2d4851a1d" relativeResultsDirectory="5a384130-d533-4d46-a7fd-8f156e8c0d32" />
    <UnitTestResult executionId="9a714dc5-6fda-48fa-8420-43eb3a1806a2" testId="d3b487e5-9478-917b-7f98-f69aa1a02076" testName="StudyJet.API.Tests.RepositoryTests.UserRepoTest.SelectByEmailAsync_ReturnsNull_WhenEmailDoesNotExist" computerName="BHASBENZ" duration="00:00:00.0272572" startTime="2025-05-10T15:46:18.0817934+02:00" endTime="2025-05-10T15:46:18.0817934+02:00" testType="13cdc9d9-ddb5-4fa4-a97d-d965ccfc6d4b" outcome="Passed" testListId="8c84fa94-04c1-424b-9868-57a2d4851a1d" relativeResultsDirectory="9a714dc5-6fda-48fa-8420-43eb3a1806a2" />
    <UnitTestResult executionId="96b65dbb-c429-423b-ab18-c813cf13240e" testId="d3dda3bf-5671-5cc1-9af1-ec633b69861e" testName="StudyJet.API.Tests.RepositoryTests.CourseRepoTest.SelectTotalCoursesByInstructorIdAsync_WithValidInstructorId_ReturnsCorrectCount" computerName="BHASBENZ" duration="00:00:00.0033825" startTime="2025-05-10T15:46:18.2912986+02:00" endTime="2025-05-10T15:46:18.2912989+02:00" testType="13cdc9d9-ddb5-4fa4-a97d-d965ccfc6d4b" outcome="Passed" testListId="8c84fa94-04c1-424b-9868-57a2d4851a1d" relativeResultsDirectory="96b65dbb-c429-423b-ab18-c813cf13240e" />
    <UnitTestResult executionId="fc0fe4e9-8cd5-4573-88c3-90412a071930" testId="82865ef5-223e-e172-081c-0d2e4554cac5" testName="StudyJet.API.Tests.ServiceTests.NotificationServiceTest.NotifyAdminForCourseAdditionOrUpdateAsync_ShouldThrowException_WhenInstructorNotFound" computerName="BHASBENZ" duration="00:00:00.0013165" startTime="2025-05-10T15:46:17.5788296+02:00" endTime="2025-05-10T15:46:17.5788297+02:00" testType="13cdc9d9-ddb5-4fa4-a97d-d965ccfc6d4b" outcome="Passed" testListId="8c84fa94-04c1-424b-9868-57a2d4851a1d" relativeResultsDirectory="fc0fe4e9-8cd5-4573-88c3-90412a071930" />
    <UnitTestResult executionId="226939af-42d5-48e9-bc54-21180354b8ec" testId="72f95707-286d-1651-07a7-6294cb1e50d2" testName="StudyJet.API.Tests.RepositoryTests.CourseRepoTest.SelectPendingCourseUpdateAsync_WithNoPendingUpdate_ReturnsNull" computerName="BHASBENZ" duration="00:00:00.0043872" startTime="2025-05-10T15:46:18.2611061+02:00" endTime="2025-05-10T15:46:18.2611064+02:00" testType="13cdc9d9-ddb5-4fa4-a97d-d965ccfc6d4b" outcome="Passed" testListId="8c84fa94-04c1-424b-9868-57a2d4851a1d" relativeResultsDirectory="226939af-42d5-48e9-bc54-21180354b8ec" />
    <UnitTestResult executionId="e4b4195d-915d-415e-a8de-1ca526497557" testId="ba911d44-58f8-b81c-1f82-a0621d6354da" testName="StudyJet.API.Tests.RepositoryTests.CategoryRepoTest.SelectByIdAsync_ReturnsCategoryWithApprovedCourses_WhenExists" computerName="BHASBENZ" duration="00:00:00.6851884" startTime="2025-05-10T15:46:18.0845198+02:00" endTime="2025-05-10T15:46:18.0845200+02:00" testType="13cdc9d9-ddb5-4fa4-a97d-d965ccfc6d4b" outcome="Passed" testListId="8c84fa94-04c1-424b-9868-57a2d4851a1d" relativeResultsDirectory="e4b4195d-915d-415e-a8de-1ca526497557" />
    <UnitTestResult executionId="1340eb23-1deb-462b-8ed8-cf80d3b63a02" testId="ab0a7420-3b35-0e07-03f2-f3d9e4837503" testName="StudyJet.API.Tests.ControllerTests.CategoryControllerTest.AddCategory_ReturnsCreatedAtAction_WhenCategoryIsCreatedSuccessfully" computerName="BHASBENZ" duration="00:00:00.0031619" startTime="2025-05-10T15:46:17.4775029+02:00" endTime="2025-05-10T15:46:17.4775030+02:00" testType="13cdc9d9-ddb5-4fa4-a97d-d965ccfc6d4b" outcome="Passed" testListId="8c84fa94-04c1-424b-9868-57a2d4851a1d" relativeResultsDirectory="1340eb23-1deb-462b-8ed8-cf80d3b63a02" />
    <UnitTestResult executionId="e28f4311-9521-48ca-9a4a-2bcf746c6055" testId="fc37987b-cfa8-dd10-eeeb-e0bf079ab3c5" testName="StudyJet.API.Tests.ControllerTests.CourseControllerTest.Search_ShouldReturnBadRequest_WhenQueryIsInvalid(query: &quot;a&quot;)" computerName="BHASBENZ" duration="00:00:00.0004988" startTime="2025-05-10T15:46:17.5575692+02:00" endTime="2025-05-10T15:46:17.5575693+02:00" testType="13cdc9d9-ddb5-4fa4-a97d-d965ccfc6d4b" outcome="Passed" testListId="8c84fa94-04c1-424b-9868-57a2d4851a1d" relativeResultsDirectory="e28f4311-9521-48ca-9a4a-2bcf746c6055" />
    <UnitTestResult executionId="aeb2a31d-ed62-4a34-955d-f3a6a24d7e1a" testId="0dcb01c4-adfb-f2fd-713e-b999188cf5eb" testName="StudyJet.API.Tests.ServiceTests.AuthServiceTest.ForgotPasswordAsync_ReturnsFalse_WhenUserDoesNotExist" computerName="BHASBENZ" duration="00:00:00.0007718" startTime="2025-05-10T15:46:17.8036978+02:00" endTime="2025-05-10T15:46:17.8036979+02:00" testType="13cdc9d9-ddb5-4fa4-a97d-d965ccfc6d4b" outcome="Passed" testListId="8c84fa94-04c1-424b-9868-57a2d4851a1d" relativeResultsDirectory="aeb2a31d-ed62-4a34-955d-f3a6a24d7e1a" />
    <UnitTestResult executionId="280ae239-3041-4d5c-b691-b07a721bf583" testId="b5498d8b-977f-6b54-2e67-e71a9801fae1" testName="StudyJet.API.Tests.ControllerTests.WishlistControllerTest.RemoveFromWishlist_ShouldReturnUnauthorized_WhenUserIsNotAuthenticated" computerName="BHASBENZ" duration="00:00:00.0007246" startTime="2025-05-10T15:46:17.5674618+02:00" endTime="2025-05-10T15:46:17.5674619+02:00" testType="13cdc9d9-ddb5-4fa4-a97d-d965ccfc6d4b" outcome="Passed" testListId="8c84fa94-04c1-424b-9868-57a2d4851a1d" relativeResultsDirectory="280ae239-3041-4d5c-b691-b07a721bf583" />
    <UnitTestResult executionId="766f2ec1-f96a-4155-9c87-cf2e994ee9dd" testId="7b5adca5-1b16-0707-cc98-b3bf014ce63f" testName="StudyJet.API.Tests.ControllerTests.NotificationControllerTest.MarkNotificationAsRead_ShouldReturnOk_WhenNotificationIsMarkedAsReadSuccessfully" computerName="BHASBENZ" duration="00:00:00.0056329" startTime="2025-05-10T15:46:17.5499274+02:00" endTime="2025-05-10T15:46:17.5499276+02:00" testType="13cdc9d9-ddb5-4fa4-a97d-d965ccfc6d4b" outcome="Passed" testListId="8c84fa94-04c1-424b-9868-57a2d4851a1d" relativeResultsDirectory="766f2ec1-f96a-4155-9c87-cf2e994ee9dd" />
    <UnitTestResult executionId="35fc5ef0-9885-4316-83b9-55d7b7f05c02" testId="520cea6c-f5db-1385-93fa-5c415173d0f0" testName="StudyJet.API.Tests.RepositoryTests.CourseRepoTest.SelectTotalCoursesAsync_ReturnsCorrectCount_WhenCoursesExist" computerName="BHASBENZ" duration="00:00:00.0010514" startTime="2025-05-10T15:46:18.2133629+02:00" endTime="2025-05-10T15:46:18.2133630+02:00" testType="13cdc9d9-ddb5-4fa4-a97d-d965ccfc6d4b" outcome="Passed" testListId="8c84fa94-04c1-424b-9868-57a2d4851a1d" relativeResultsDirectory="35fc5ef0-9885-4316-83b9-55d7b7f05c02" />
    <UnitTestResult executionId="79c476e9-a185-45d5-8341-5227a9c3fb46" testId="a6b88e73-ac03-48e1-4c3c-2524f496de18" testName="StudyJet.API.Tests.ControllerTests.CartControllerTest.MoveToWishlist_CourseAlreadyInWishlist_ReturnsBadRequest" computerName="BHASBENZ" duration="00:00:00.0693237" startTime="2025-05-10T15:46:17.5511803+02:00" endTime="2025-05-10T15:46:17.5511804+02:00" testType="13cdc9d9-ddb5-4fa4-a97d-d965ccfc6d4b" outcome="Passed" testListId="8c84fa94-04c1-424b-9868-57a2d4851a1d" relativeResultsDirectory="79c476e9-a185-45d5-8341-5227a9c3fb46" />
    <UnitTestResult executionId="747eb2c2-88da-406b-82c3-8dd61aa2d1d6" testId="278243ea-6dce-a81f-0891-0bb9a03f8a52" testName="StudyJet.API.Tests.ControllerTests.UserPurchaseCourseControllerTest.GetSuggestedCourses_ShouldReturnOkWithSuggestedCourses_WhenCoursesExist" computerName="BHASBENZ" duration="00:00:00.1836327" startTime="2025-05-10T15:46:17.5828586+02:00" endTime="2025-05-10T15:46:17.5828587+02:00" testType="13cdc9d9-ddb5-4fa4-a97d-d965ccfc6d4b" outcome="Passed" testListId="8c84fa94-04c1-424b-9868-57a2d4851a1d" relativeResultsDirectory="747eb2c2-88da-406b-82c3-8dd61aa2d1d6" />
    <UnitTestResult executionId="720de0d6-9947-4226-9083-dfa10810d135" testId="bffa3255-5e9a-0774-4fe8-a20e6519e0ca" testName="StudyJet.API.Tests.ServiceTests.CourseServiceTest.GetPendingCoursesAsync_ReturnsCourses_WhenRepositoryReturnsCourses" computerName="BHASBENZ" duration="00:00:00.0007862" startTime="2025-05-10T15:46:17.6178348+02:00" endTime="2025-05-10T15:46:17.6178349+02:00" testType="13cdc9d9-ddb5-4fa4-a97d-d965ccfc6d4b" outcome="Passed" testListId="8c84fa94-04c1-424b-9868-57a2d4851a1d" relativeResultsDirectory="720de0d6-9947-4226-9083-dfa10810d135" />
    <UnitTestResult executionId="6d2e3d3a-d140-4a0b-9dc3-8b0253c5b3da" testId="30e8ba7b-f65e-648f-5c4a-a11d6f38943c" testName="StudyJet.API.Tests.ControllerTests.NotificationControllerTest.MarkNotificationAsRead_ShouldReturnUnauthorized_WhenUserIsNotAuthenticated" computerName="BHASBENZ" duration="00:00:00.0005354" startTime="2025-05-10T15:46:17.5538839+02:00" endTime="2025-05-10T15:46:17.5538841+02:00" testType="13cdc9d9-ddb5-4fa4-a97d-d965ccfc6d4b" outcome="Passed" testListId="8c84fa94-04c1-424b-9868-57a2d4851a1d" relativeResultsDirectory="6d2e3d3a-d140-4a0b-9dc3-8b0253c5b3da" />
    <UnitTestResult executionId="fe5acdeb-8fb5-4a7c-8ff9-a5c7b75ec5c2" testId="751acf85-be50-97cc-4c26-6ba611e1dfe3" testName="StudyJet.API.Tests.RepositoryTests.CourseRepoTest.SelectPendingCoursesAsync_WhenNoPendingCoursesExist_ReturnsEmptyList" computerName="BHASBENZ" duration="00:00:00.0045159" startTime="2025-05-10T15:46:18.3498221+02:00" endTime="2025-05-10T15:46:18.3498224+02:00" testType="13cdc9d9-ddb5-4fa4-a97d-d965ccfc6d4b" outcome="Passed" testListId="8c84fa94-04c1-424b-9868-57a2d4851a1d" relativeResultsDirectory="fe5acdeb-8fb5-4a7c-8ff9-a5c7b75ec5c2" />
    <UnitTestResult executionId="3a8a7f63-8ede-4c5b-8bf6-2c7f0c8611bc" testId="0a6da548-6b15-1307-3cfa-e16e5e9fe386" testName="StudyJet.API.Tests.ControllerTests.AuthControllerTests.ChangePassword_ShouldReturnBadRequest_WhenCurrentPasswordIsIncorrect" computerName="BHASBENZ" duration="00:00:00.0035279" startTime="2025-05-10T15:46:17.6243374+02:00" endTime="2025-05-10T15:46:17.6243375+02:00" testType="13cdc9d9-ddb5-4fa4-a97d-d965ccfc6d4b" outcome="Passed" testListId="8c84fa94-04c1-424b-9868-57a2d4851a1d" relativeResultsDirectory="3a8a7f63-8ede-4c5b-8bf6-2c7f0c8611bc" />
    <UnitTestResult executionId="358752be-10b2-47fb-a243-1ed3d127494a" testId="d1263ada-1330-3ab1-121a-1307509e8dbe" testName="StudyJet.API.Tests.ServiceTests.EmailServiceTest.SendConfirmationEmailAsync_ReturnsFailure_WhenConfigValuesMissing" computerName="BHASBENZ" duration="00:00:00.0006211" startTime="2025-05-10T15:46:17.5050327+02:00" endTime="2025-05-10T15:46:17.5050328+02:00" testType="13cdc9d9-ddb5-4fa4-a97d-d965ccfc6d4b" outcome="Passed" testListId="8c84fa94-04c1-424b-9868-57a2d4851a1d" relativeResultsDirectory="358752be-10b2-47fb-a243-1ed3d127494a" />
    <UnitTestResult executionId="e57819c0-307f-4d05-b243-a681348cbd4b" testId="ab06cc7d-d3d6-e64b-24ea-edefcf65a512" testName="StudyJet.API.Tests.ServiceTests.CourseServiceTest.GetEnrolledStudentsByCourseIdAsync_ReturnsEnrolledStudents_WhenCourseHasStudents" computerName="BHASBENZ" duration="00:00:00.0015314" startTime="2025-05-10T15:46:17.5887391+02:00" endTime="2025-05-10T15:46:17.5887392+02:00" testType="13cdc9d9-ddb5-4fa4-a97d-d965ccfc6d4b" outcome="Passed" testListId="8c84fa94-04c1-424b-9868-57a2d4851a1d" relativeResultsDirectory="e57819c0-307f-4d05-b243-a681348cbd4b" />
    <UnitTestResult executionId="ca80db47-5cb8-4d59-aefb-3c86d2a7982e" testId="c4465975-30f6-b1a6-7660-7c450743394f" testName="StudyJet.API.Tests.ServiceTests.CourseServiceTest.SearchCoursesAsync_ReturnsEmptyList_WhenRepositoryReturnsEmpty" computerName="BHASBENZ" duration="00:00:00.0020762" startTime="2025-05-10T15:46:17.5908584+02:00" endTime="2025-05-10T15:46:17.5908586+02:00" testType="13cdc9d9-ddb5-4fa4-a97d-d965ccfc6d4b" outcome="Passed" testListId="8c84fa94-04c1-424b-9868-57a2d4851a1d" relativeResultsDirectory="ca80db47-5cb8-4d59-aefb-3c86d2a7982e" />
    <UnitTestResult executionId="76508cfa-7f34-41df-a725-f621a49a30a3" testId="bda718a8-11c3-0223-8818-c26577e6bd3c" testName="StudyJet.API.Tests.RepositoryTests.CourseRepoTest.RejectPendingUpdatesAsync_WhenNoPendingUpdateExists_ReturnsFalse" computerName="BHASBENZ" duration="00:00:00.0008244" startTime="2025-05-10T15:46:18.3452630+02:00" endTime="2025-05-10T15:46:18.3452631+02:00" testType="13cdc9d9-ddb5-4fa4-a97d-d965ccfc6d4b" outcome="Passed" testListId="8c84fa94-04c1-424b-9868-57a2d4851a1d" relativeResultsDirectory="76508cfa-7f34-41df-a725-f621a49a30a3" />
    <UnitTestResult executionId="f99c4a41-57cd-4b92-a7c7-090ad2d81f14" testId="c8d67a1a-0bfb-23b6-47a6-117589e1e205" testName="StudyJet.API.Tests.RepositoryTests.WishlistRepoTest.InsertCourseToWishlistAsync_ReturnsFalse_WhenCourseAlreadyInWishlist" computerName="BHASBENZ" duration="00:00:00.0067365" startTime="2025-05-10T15:46:18.1386953+02:00" endTime="2025-05-10T15:46:18.1386954+02:00" testType="13cdc9d9-ddb5-4fa4-a97d-d965ccfc6d4b" outcome="Passed" testListId="8c84fa94-04c1-424b-9868-57a2d4851a1d" relativeResultsDirectory="f99c4a41-57cd-4b92-a7c7-090ad2d81f14" />
    <UnitTestResult executionId="68acbc1a-6aca-4868-9e18-0a95e7f13dae" testId="0351110a-2003-fbfb-72e1-9a197fc89eb8" testName="StudyJet.API.Tests.ControllerTests.NotificationControllerTest.NotifyInstructorOnCourseStatus_ShouldReturnBadRequest_WhenFieldsAreMissing" computerName="BHASBENZ" duration="00:00:00.0008185" startTime="2025-05-10T15:46:17.5442729+02:00" endTime="2025-05-10T15:46:17.5442730+02:00" testType="13cdc9d9-ddb5-4fa4-a97d-d965ccfc6d4b" outcome="Passed" testListId="8c84fa94-04c1-424b-9868-57a2d4851a1d" relativeResultsDirectory="68acbc1a-6aca-4868-9e18-0a95e7f13dae" />
    <UnitTestResult executionId="f97b2331-8174-4363-af0c-2145c43d936a" testId="6c9445b0-d167-6baf-5c36-da12aa3a3446" testName="StudyJet.API.Tests.ServiceTests.WishlistServiceTest.IsCourseInWishlistAsync_CourseInWishlist_ReturnsTrue" computerName="BHASBENZ" duration="00:00:00.0011564" startTime="2025-05-10T15:46:17.4780588+02:00" endTime="2025-05-10T15:46:17.4780589+02:00" testType="13cdc9d9-ddb5-4fa4-a97d-d965ccfc6d4b" outcome="Passed" testListId="8c84fa94-04c1-424b-9868-57a2d4851a1d" relativeResultsDirectory="f97b2331-8174-4363-af0c-2145c43d936a" />
    <UnitTestResult executionId="16b058a6-06f9-4c22-ba82-79a4b4467388" testId="fce0fa63-c667-0584-bc3c-e609a5b13271" testName="StudyJet.API.Tests.ServiceTests.AuthServiceTest.RegisterUserAsync_EmailAlreadyExists_ReturnsEmailInUserError" computerName="BHASBENZ" duration="00:00:00.0007515" startTime="2025-05-10T15:46:17.8845693+02:00" endTime="2025-05-10T15:46:17.8845694+02:00" testType="13cdc9d9-ddb5-4fa4-a97d-d965ccfc6d4b" outcome="Passed" testListId="8c84fa94-04c1-424b-9868-57a2d4851a1d" relativeResultsDirectory="16b058a6-06f9-4c22-ba82-79a4b4467388" />
    <UnitTestResult executionId="5b95f8e6-d282-4429-b74b-9a4a0907cd13" testId="230130f7-297c-e0f1-b879-99e4da61fa09" testName="StudyJet.API.Tests.ServiceTests.CourseServiceTest.GetApprovedCoursesAsync_ReturnsEmptyList_WhenRepositoryReturnsEmptyList" computerName="BHASBENZ" duration="00:00:00.0004583" startTime="2025-05-10T15:46:17.6020871+02:00" endTime="2025-05-10T15:46:17.6020872+02:00" testType="13cdc9d9-ddb5-4fa4-a97d-d965ccfc6d4b" outcome="Passed" testListId="8c84fa94-04c1-424b-9868-57a2d4851a1d" relativeResultsDirectory="5b95f8e6-d282-4429-b74b-9a4a0907cd13" />
    <UnitTestResult executionId="b9442070-d51c-48f2-9041-a929186561e6" testId="15fadd33-0f83-c93f-26af-da0eea83e7c0" testName="StudyJet.API.Tests.ServiceTests.CourseServiceTest.ExistsAsync_ReturnsFalse_WhenCourseDoesNotExist" computerName="BHASBENZ" duration="00:00:00.0020583" startTime="2025-05-10T15:46:17.5746749+02:00" endTime="2025-05-10T15:46:17.5746751+02:00" testType="13cdc9d9-ddb5-4fa4-a97d-d965ccfc6d4b" outcome="Passed" testListId="8c84fa94-04c1-424b-9868-57a2d4851a1d" relativeResultsDirectory="b9442070-d51c-48f2-9041-a929186561e6" />
    <UnitTestResult executionId="6aed2ca0-7a95-4c5a-a9f7-e190d9c89280" testId="023e9876-b001-6fba-aa90-f5f0c64fd03b" testName="StudyJet.API.Tests.RepositoryTests.UserRepoTest.CountUsersByRoleAsync_ShouldReturnZero_WhenRoleDoesNotExist" computerName="BHASBENZ" duration="00:00:00.0384415" startTime="2025-05-10T15:46:18.1253505+02:00" endTime="2025-05-10T15:46:18.1253506+02:00" testType="13cdc9d9-ddb5-4fa4-a97d-d965ccfc6d4b" outcome="Passed" testListId="8c84fa94-04c1-424b-9868-57a2d4851a1d" relativeResultsDirectory="6aed2ca0-7a95-4c5a-a9f7-e190d9c89280" />
    <UnitTestResult executionId="2bf1a4be-bce8-41dc-adc9-775bb905f9fc" testId="e3954466-ac55-f282-6c66-a95f1d617adc" testName="StudyJet.API.Tests.ControllerTests.AuthControllerTests.ResetPassword_ShouldReturnOk_WhenPasswordResetSucceeds" computerName="BHASBENZ" duration="00:00:00.0019248" startTime="2025-05-10T15:46:17.6963010+02:00" endTime="2025-05-10T15:46:17.6963011+02:00" testType="13cdc9d9-ddb5-4fa4-a97d-d965ccfc6d4b" outcome="Passed" testListId="8c84fa94-04c1-424b-9868-57a2d4851a1d" relativeResultsDirectory="2bf1a4be-bce8-41dc-adc9-775bb905f9fc" />
    <UnitTestResult executionId="bacd4562-d49e-4057-96ac-c30826a0dcf5" testId="30b7fa7d-6f47-b42c-1715-c193d687c948" testName="StudyJet.API.Tests.ServiceTests.UserServiceTest.GetUserRolesAsync_UserHasNoRoles_ReturnsEmptyList" computerName="BHASBENZ" duration="00:00:00.0023287" startTime="2025-05-10T15:46:17.6427421+02:00" endTime="2025-05-10T15:46:17.6427422+02:00" testType="13cdc9d9-ddb5-4fa4-a97d-d965ccfc6d4b" outcome="Passed" testListId="8c84fa94-04c1-424b-9868-57a2d4851a1d" relativeResultsDirectory="bacd4562-d49e-4057-96ac-c30826a0dcf5" />
    <UnitTestResult executionId="72abe7b7-c05a-4ace-9178-622bc0c72b82" testId="a1f8f5b1-8367-a3ae-5feb-8d3b8583ab9f" testName="StudyJet.API.Tests.ServiceTests.UserServiceTest.GetUserByRolesAsync_ReturnsUserAdminDTOList" computerName="BHASBENZ" duration="00:00:00.0013651" startTime="2025-05-10T15:46:17.6312978+02:00" endTime="2025-05-10T15:46:17.6312978+02:00" testType="13cdc9d9-ddb5-4fa4-a97d-d965ccfc6d4b" outcome="Passed" testListId="8c84fa94-04c1-424b-9868-57a2d4851a1d" relativeResultsDirectory="72abe7b7-c05a-4ace-9178-622bc0c72b82" />
    <UnitTestResult executionId="8106cd14-afba-4c4f-ba0a-8609e2aac05a" testId="15afc427-565c-ddd1-318c-2eeea5a1bba6" testName="StudyJet.API.Tests.ControllerTests.CategoryControllerTest.UpdateCategory_ReturnsBadRequest_WhenUpdateIsNotAllowed" computerName="BHASBENZ" duration="00:00:00.0567053" startTime="2025-05-10T15:46:17.4616762+02:00" endTime="2025-05-10T15:46:17.4616995+02:00" testType="13cdc9d9-ddb5-4fa4-a97d-d965ccfc6d4b" outcome="Passed" testListId="8c84fa94-04c1-424b-9868-57a2d4851a1d" relativeResultsDirectory="8106cd14-afba-4c4f-ba0a-8609e2aac05a" />
    <UnitTestResult executionId="cff6fbc7-3aa0-4103-b194-384cfa3bcdd9" testId="5e9a3480-2ebd-e735-a466-7810ed1aef77" testName="StudyJet.API.Tests.ServiceTests.CourseServiceTest.GetCourseForUpdateAsync_ReturnsCourse_WhenCourseExistsAndInstructorOwnsIt" computerName="BHASBENZ" duration="00:00:00.0039260" startTime="2025-05-10T15:46:17.5812544+02:00" endTime="2025-05-10T15:46:17.5812546+02:00" testType="13cdc9d9-ddb5-4fa4-a97d-d965ccfc6d4b" outcome="Passed" testListId="8c84fa94-04c1-424b-9868-57a2d4851a1d" relativeResultsDirectory="cff6fbc7-3aa0-4103-b194-384cfa3bcdd9" />
    <UnitTestResult executionId="352e2cf7-169d-4eff-a56d-15a00da56409" testId="0a4717ee-74d8-b47a-942e-85402ebb7c56" testName="StudyJet.API.Tests.ServiceTests.EmailServiceTest.SendConfirmationEmailAsync_ReturnsFailure_WhenInputIsInvalid(email: null, link: &quot;http://example.com&quot;)" computerName="BHASBENZ" duration="00:00:00.0000163" startTime="2025-05-10T15:46:17.5043456+02:00" endTime="2025-05-10T15:46:17.5043457+02:00" testType="13cdc9d9-ddb5-4fa4-a97d-d965ccfc6d4b" outcome="Passed" testListId="8c84fa94-04c1-424b-9868-57a2d4851a1d" relativeResultsDirectory="352e2cf7-169d-4eff-a56d-15a00da56409" />
    <UnitTestResult executionId="c566e41b-72b7-4634-a6dc-20ff5093f2f1" testId="9180ce6b-77d3-22dd-c74d-ff78aa0e8f9e" testName="StudyJet.API.Tests.ServiceTests.CourseServiceTest.GetEnrolledStudentsByCourseIdAsync_ReturnsEmptyList_WhenNoStudentsAreEnrolled" computerName="BHASBENZ" duration="00:00:00.0025025" startTime="2025-05-10T15:46:17.5772296+02:00" endTime="2025-05-10T15:46:17.5772296+02:00" testType="13cdc9d9-ddb5-4fa4-a97d-d965ccfc6d4b" outcome="Passed" testListId="8c84fa94-04c1-424b-9868-57a2d4851a1d" relativeResultsDirectory="c566e41b-72b7-4634-a6dc-20ff5093f2f1" />
    <UnitTestResult executionId="029ca751-99b1-41bf-923a-fa4762d06fd2" testId="1e8ce3de-7334-3a9a-37d6-7ffab1030452" testName="StudyJet.API.Tests.ServiceTests.WishlistServiceTest.IsCourseInWishlistAsync_CourseNotInWishlist_ReturnsFalse" computerName="BHASBENZ" duration="00:00:00.0016082" startTime="2025-05-10T15:46:17.4746305+02:00" endTime="2025-05-10T15:46:17.4746305+02:00" testType="13cdc9d9-ddb5-4fa4-a97d-d965ccfc6d4b" outcome="Passed" testListId="8c84fa94-04c1-424b-9868-57a2d4851a1d" relativeResultsDirectory="029ca751-99b1-41bf-923a-fa4762d06fd2" />
    <UnitTestResult executionId="a8ab5d3e-a634-4d2e-887e-7ca784259d44" testId="9e45d5de-b6d7-885c-0c1a-786635c3ac2f" testName="StudyJet.API.Tests.RepositoryTests.CourseRepoTest.SelectCourseUpdatesByStatusAsync_WhenStatusIsValid_ReturnsCorrectCourseUpdates" computerName="BHASBENZ" duration="00:00:00.0171777" startTime="2025-05-10T15:46:18.3919218+02:00" endTime="2025-05-10T15:46:18.3919221+02:00" testType="13cdc9d9-ddb5-4fa4-a97d-d965ccfc6d4b" outcome="Passed" testListId="8c84fa94-04c1-424b-9868-57a2d4851a1d" relativeResultsDirectory="a8ab5d3e-a634-4d2e-887e-7ca784259d44" />
    <UnitTestResult executionId="3b4de50e-00ba-4a53-a979-5cb598c47c83" testId="2fb63336-32da-131f-62ce-aa6a957662b3" testName="StudyJet.API.Tests.RepositoryTests.CourseRepoTest.SelectByIdsAsync_WhenNoMatchingCourseIds_ReturnsEmptyList" computerName="BHASBENZ" duration="00:00:00.0178440" startTime="2025-05-10T15:46:18.4207972+02:00" endTime="2025-05-10T15:46:18.4207976+02:00" testType="13cdc9d9-ddb5-4fa4-a97d-d965ccfc6d4b" outcome="Passed" testListId="8c84fa94-04c1-424b-9868-57a2d4851a1d" relativeResultsDirectory="3b4de50e-00ba-4a53-a979-5cb598c47c83" />
    <UnitTestResult executionId="6f8c7b7a-2b04-45c6-8be3-c11a8bba0e12" testId="79f79b3b-0c7f-5341-bec3-147e8a8c8f9f" testName="StudyJet.API.Tests.ControllerTests.AuthControllerTests.VerifyTwoFactorLogin_ReturnsBadRequest_WhenUserNotFound" computerName="BHASBENZ" duration="00:00:00.0011122" startTime="2025-05-10T15:46:17.6942564+02:00" endTime="2025-05-10T15:46:17.6942565+02:00" testType="13cdc9d9-ddb5-4fa4-a97d-d965ccfc6d4b" outcome="Passed" testListId="8c84fa94-04c1-424b-9868-57a2d4851a1d" relativeResultsDirectory="6f8c7b7a-2b04-45c6-8be3-c11a8bba0e12" />
    <UnitTestResult executionId="f230cff1-9b59-4999-8cda-80e70b086eb2" testId="7f808aa3-1a3e-9a79-c0bd-086a5a2579d2" testName="StudyJet.API.Tests.ServiceTests.AuthServiceTest.Disable2faAsync_ReturnsFalse_WhenUserDoesNotExist" computerName="BHASBENZ" duration="00:00:00.0007548" startTime="2025-05-10T15:46:17.7942452+02:00" endTime="2025-05-10T15:46:17.7942453+02:00" testType="13cdc9d9-ddb5-4fa4-a97d-d965ccfc6d4b" outcome="Passed" testListId="8c84fa94-04c1-424b-9868-57a2d4851a1d" relativeResultsDirectory="f230cff1-9b59-4999-8cda-80e70b086eb2" />
    <UnitTestResult executionId="31da1a03-38cd-4404-b48a-012508eba591" testId="04b32f80-74af-52cd-9ab5-3ff823b15218" testName="StudyJet.API.Tests.ControllerTests.AuthControllerTests.ChangePassword_ShouldReturnOk_WhenPasswordChangedSuccessfully" computerName="BHASBENZ" duration="00:00:00.0024711" startTime="2025-05-10T15:46:17.6395625+02:00" endTime="2025-05-10T15:46:17.6395627+02:00" testType="13cdc9d9-ddb5-4fa4-a97d-d965ccfc6d4b" outcome="Passed" testListId="8c84fa94-04c1-424b-9868-57a2d4851a1d" relativeResultsDirectory="31da1a03-38cd-4404-b48a-012508eba591" />
    <UnitTestResult executionId="7776cf09-9621-4b77-a126-1bb48ae7de2b" testId="2e0463dd-b0a7-93b5-aed4-e92283f288fa" testName="StudyJet.API.Tests.ServiceTests.UserServiceTest.GetUserByRolesAsync_ReturnsNull_WhenRepoReturnsNull" computerName="BHASBENZ" duration="00:00:00.0012548" startTime="2025-05-10T15:46:17.6324743+02:00" endTime="2025-05-10T15:46:17.6324744+02:00" testType="13cdc9d9-ddb5-4fa4-a97d-d965ccfc6d4b" outcome="Passed" testListId="8c84fa94-04c1-424b-9868-57a2d4851a1d" relativeResultsDirectory="7776cf09-9621-4b77-a126-1bb48ae7de2b" />
    <UnitTestResult executionId="ba94d8b1-8e30-4356-8975-d36362bea40c" testId="281d1394-1bd5-084f-32d8-e3920aed3b26" testName="StudyJet.API.Tests.ServiceTests.AuthServiceTest.RegisterUserAsync_UserCreationFails_ReturnsUserCreationError" computerName="BHASBENZ" duration="00:00:00.0019466" startTime="2025-05-10T15:46:17.8809962+02:00" endTime="2025-05-10T15:46:17.8809963+02:00" testType="13cdc9d9-ddb5-4fa4-a97d-d965ccfc6d4b" outcome="Passed" testListId="8c84fa94-04c1-424b-9868-57a2d4851a1d" relativeResultsDirectory="ba94d8b1-8e30-4356-8975-d36362bea40c" />
    <UnitTestResult executionId="d447557c-91bd-4fe5-861a-c824ea25a6be" testId="bb7f8eb5-9450-ab37-0f74-7123290f5cf5" testName="StudyJet.API.Tests.ControllerTests.UserControllerTest.CountStudents_ShouldReturnOk_WithStudentCount" computerName="BHASBENZ" duration="00:00:00.0014589" startTime="2025-05-10T15:46:17.5292910+02:00" endTime="2025-05-10T15:46:17.5292911+02:00" testType="13cdc9d9-ddb5-4fa4-a97d-d965ccfc6d4b" outcome="Passed" testListId="8c84fa94-04c1-424b-9868-57a2d4851a1d" relativeResultsDirectory="d447557c-91bd-4fe5-861a-c824ea25a6be" />
    <UnitTestResult executionId="9a837ec9-d910-4977-9e84-8b04d407b884" testId="30a407cc-63a6-0ebd-f86d-9b2fc6be9479" testName="StudyJet.API.Tests.ServiceTests.AuthServiceTest.Disable2faAsync_ReturnsTrue_WhenUserExistsAndUpdateSucceeds" computerName="BHASBENZ" duration="00:00:00.0024459" startTime="2025-05-10T15:46:17.7921765+02:00" endTime="2025-05-10T15:46:17.7921766+02:00" testType="13cdc9d9-ddb5-4fa4-a97d-d965ccfc6d4b" outcome="Passed" testListId="8c84fa94-04c1-424b-9868-57a2d4851a1d" relativeResultsDirectory="9a837ec9-d910-4977-9e84-8b04d407b884" />
    <UnitTestResult executionId="9f18c410-9b91-46fb-a703-f18844a2b49d" testId="072b6a97-f9b5-78c5-0985-e38a0dde712b" testName="StudyJet.API.Tests.ControllerTests.CourseControllerTest.SubmitUpdate_ShouldReturnForbid_WhenInstructorIsNotOwner" computerName="BHASBENZ" duration="00:00:00.0012816" startTime="2025-05-10T15:46:17.6366984+02:00" endTime="2025-05-10T15:46:17.6366985+02:00" testType="13cdc9d9-ddb5-4fa4-a97d-d965ccfc6d4b" outcome="Passed" testListId="8c84fa94-04c1-424b-9868-57a2d4851a1d" relativeResultsDirectory="9f18c410-9b91-46fb-a703-f18844a2b49d" />
    <UnitTestResult executionId="942983c9-ee16-4c82-aa66-49a20f07100d" testId="7003e643-6399-c3da-ad64-984ffffa52db" testName="StudyJet.API.Tests.RepositoryTests.CategoryRepoTest.ExistsAsync_ShouldReturnTrue_WhenCategoryExists" computerName="BHASBENZ" duration="00:00:00.0041256" startTime="2025-05-10T15:46:18.1194424+02:00" endTime="2025-05-10T15:46:18.1194424+02:00" testType="13cdc9d9-ddb5-4fa4-a97d-d965ccfc6d4b" outcome="Passed" testListId="8c84fa94-04c1-424b-9868-57a2d4851a1d" relativeResultsDirectory="942983c9-ee16-4c82-aa66-49a20f07100d" />
    <UnitTestResult executionId="6d5ca895-9b23-4667-bef1-43ffc6edaf8e" testId="b862715e-e6c1-ac5b-5ade-0430feee07d5" testName="StudyJet.API.Tests.ServiceTests.NotificationServiceTest.GetNotificationByIdAsync_ShouldThrowArgumentException_WhenIdIsInvalid" computerName="BHASBENZ" duration="00:00:00.0010654" startTime="2025-05-10T15:46:17.5774402+02:00" endTime="2025-05-10T15:46:17.5774403+02:00" testType="13cdc9d9-ddb5-4fa4-a97d-d965ccfc6d4b" outcome="Passed" testListId="8c84fa94-04c1-424b-9868-57a2d4851a1d" relativeResultsDirectory="6d5ca895-9b23-4667-bef1-43ffc6edaf8e" />
    <UnitTestResult executionId="8a7e609c-d0ea-4d06-ab31-376032168014" testId="d6732e16-b27f-cd87-8fc0-ff6458bc6420" testName="StudyJet.API.Tests.ServiceTests.UserServiceTest.CountStudentAsync_ReturnsCorrectCount_WhenStudentsExist" computerName="BHASBENZ" duration="00:00:00.0013464" startTime="2025-05-10T15:46:17.6466541+02:00" endTime="2025-05-10T15:46:17.6466542+02:00" testType="13cdc9d9-ddb5-4fa4-a97d-d965ccfc6d4b" outcome="Passed" testListId="8c84fa94-04c1-424b-9868-57a2d4851a1d" relativeResultsDirectory="8a7e609c-d0ea-4d06-ab31-376032168014" />
    <UnitTestResult executionId="c21d6afb-5375-489a-a617-fea56b4affce" testId="4d6d8f76-175f-98f7-1287-f19a3491106b" testName="StudyJet.API.Tests.ControllerTests.CourseControllerTest.RejectPendingUpdates_ShouldReturnNotFound_WhenNoPendingUpdateFound" computerName="BHASBENZ" duration="00:00:00.0013846" startTime="2025-05-10T15:46:17.6401252+02:00" endTime="2025-05-10T15:46:17.6401253+02:00" testType="13cdc9d9-ddb5-4fa4-a97d-d965ccfc6d4b" outcome="Passed" testListId="8c84fa94-04c1-424b-9868-57a2d4851a1d" relativeResultsDirectory="c21d6afb-5375-489a-a617-fea56b4affce" />
    <UnitTestResult executionId="62e25812-902c-45b2-be51-8ace82fb9bc1" testId="8e2fd792-5f07-b6b3-2935-52aac04b7ca4" testName="StudyJet.API.Tests.RepositoryTests.UserPurchaseCourseRepoTest.HasUserPurchasedCourseAsync_ReturnsFalse_WhenUserHasNotPurchasedCourse" computerName="BHASBENZ" duration="00:00:00.0008150" startTime="2025-05-10T15:46:18.1597708+02:00" endTime="2025-05-10T15:46:18.1597709+02:00" testType="13cdc9d9-ddb5-4fa4-a97d-d965ccfc6d4b" outcome="Passed" testListId="8c84fa94-04c1-424b-9868-57a2d4851a1d" relativeResultsDirectory="62e25812-902c-45b2-be51-8ace82fb9bc1" />
    <UnitTestResult executionId="c2b9fd38-65d9-4235-adca-756c32749c8a" testId="48d6cf19-0e38-b25e-a0ea-cef3a4e4f8c8" testName="StudyJet.API.Tests.ControllerTests.AuthControllerTests.Register_ReturnsBadRequest_WhenUsernameExists" computerName="BHASBENZ" duration="00:00:00.0012110" startTime="2025-05-10T15:46:17.7018765+02:00" endTime="2025-05-10T15:46:17.7018767+02:00" testType="13cdc9d9-ddb5-4fa4-a97d-d965ccfc6d4b" outcome="Passed" testListId="8c84fa94-04c1-424b-9868-57a2d4851a1d" relativeResultsDirectory="c2b9fd38-65d9-4235-adca-756c32749c8a" />
    <UnitTestResult executionId="ec3ea774-7e20-435d-8baa-cc961f3fdbfc" testId="971903ac-7423-e640-def9-6b6fc606e378" testName="StudyJet.API.Tests.RepositoryTests.CourseRepoTest.ApproveCourseAsync_WithValidCourseId_UpdatesStatusAndReturnsTrue" computerName="BHASBENZ" duration="00:00:00.0015796" startTime="2025-05-10T15:46:18.3239759+02:00" endTime="2025-05-10T15:46:18.3239796+02:00" testType="13cdc9d9-ddb5-4fa4-a97d-d965ccfc6d4b" outcome="Passed" testListId="8c84fa94-04c1-424b-9868-57a2d4851a1d" relativeResultsDirectory="ec3ea774-7e20-435d-8baa-cc961f3fdbfc" />
    <UnitTestResult executionId="fdf7eeb1-4aec-4b16-8028-a602b61b097e" testId="2007156b-6be7-b348-5c65-0dee274af9a7" testName="StudyJet.API.Tests.ServiceTests.CourseServiceTest.RejectCourseAsync_ReturnsTrue_WhenCourseExists" computerName="BHASBENZ" duration="00:00:00.0016358" startTime="2025-05-10T15:46:17.6160207+02:00" endTime="2025-05-10T15:46:17.6160208+02:00" testType="13cdc9d9-ddb5-4fa4-a97d-d965ccfc6d4b" outcome="Passed" testListId="8c84fa94-04c1-424b-9868-57a2d4851a1d" relativeResultsDirectory="fdf7eeb1-4aec-4b16-8028-a602b61b097e" />
    <UnitTestResult executionId="59312215-0b40-44e1-8d2e-fb00c3efe76e" testId="64f4e058-dee0-89fa-cca3-8feb3393055f" testName="StudyJet.API.Tests.RepositoryTests.CategoryRepoTest.DeleteAsync_ReturnsTrueAndDeletesCategory_WhenCategoryExists" computerName="BHASBENZ" duration="00:00:00.0039270" startTime="2025-05-10T15:46:18.1411084+02:00" endTime="2025-05-10T15:46:18.1411085+02:00" testType="13cdc9d9-ddb5-4fa4-a97d-d965ccfc6d4b" outcome="Passed" testListId="8c84fa94-04c1-424b-9868-57a2d4851a1d" relativeResultsDirectory="59312215-0b40-44e1-8d2e-fb00c3efe76e" />
    <UnitTestResult executionId="e89da38f-c67c-4fb9-a180-1e59b7a85818" testId="2fd0cf46-4811-f628-c5c7-39f8e21e3a61" testName="StudyJet.API.Tests.ServiceTests.CourseServiceTest.GetByInstructorIdAsync_ReturnsCourseWithPendingUpdate_WhenUpdateHasNullFields" computerName="BHASBENZ" duration="00:00:00.0215998" startTime="2025-05-10T15:46:17.5516283+02:00" endTime="2025-05-10T15:46:17.5516285+02:00" testType="13cdc9d9-ddb5-4fa4-a97d-d965ccfc6d4b" outcome="Passed" testListId="8c84fa94-04c1-424b-9868-57a2d4851a1d" relativeResultsDirectory="e89da38f-c67c-4fb9-a180-1e59b7a85818" />
    <UnitTestResult executionId="fb0fa3cb-4593-4b9c-ab9b-aa86bb2930a7" testId="d0174b57-c799-1293-8b40-1ce39b2aabe9" testName="StudyJet.API.Tests.RepositoryTests.CourseRepoTest.SelectByIdAsync_ThrowsKeyNotFoundException_WhenNotExists" computerName="BHASBENZ" duration="00:00:00.0007854" startTime="2025-05-10T15:46:18.4234024+02:00" endTime="2025-05-10T15:46:18.4234025+02:00" testType="13cdc9d9-ddb5-4fa4-a97d-d965ccfc6d4b" outcome="Passed" testListId="8c84fa94-04c1-424b-9868-57a2d4851a1d" relativeResultsDirectory="fb0fa3cb-4593-4b9c-ab9b-aa86bb2930a7" />
    <UnitTestResult executionId="a91bee84-c9ec-460a-9b45-d373a7661e04" testId="cdb3b28d-aafc-0ea8-3b3d-caff163541ca" testName="StudyJet.API.Tests.ControllerTests.CourseControllerTest.GetCoursesWithStudents_ReturnsCourses_WhenInstructorHasCourses" computerName="BHASBENZ" duration="00:00:00.0022153" startTime="2025-05-10T15:46:17.6482973+02:00" endTime="2025-05-10T15:46:17.6482975+02:00" testType="13cdc9d9-ddb5-4fa4-a97d-d965ccfc6d4b" outcome="Passed" testListId="8c84fa94-04c1-424b-9868-57a2d4851a1d" relativeResultsDirectory="a91bee84-c9ec-460a-9b45-d373a7661e04" />
    <UnitTestResult executionId="bc15b2fb-e67b-4db3-a44c-177517dcd0e4" testId="73b8caf1-b3b9-837c-2285-f7d77bdc82cf" testName="StudyJet.API.Tests.RepositoryTests.NotificationRepoTest.SelectByIdAsync_ThrowsArgumentException_WhenIdIsInvalid" computerName="BHASBENZ" duration="00:00:00.0006142" startTime="2025-05-10T15:46:18.1207912+02:00" endTime="2025-05-10T15:46:18.1207912+02:00" testType="13cdc9d9-ddb5-4fa4-a97d-d965ccfc6d4b" outcome="Passed" testListId="8c84fa94-04c1-424b-9868-57a2d4851a1d" relativeResultsDirectory="bc15b2fb-e67b-4db3-a44c-177517dcd0e4" />
    <UnitTestResult executionId="b4f06b6f-c379-4e1a-95b1-1e56538e55ac" testId="8b892458-533a-8bb3-f0c1-8b554fa308b9" testName="StudyJet.API.Tests.RepositoryTests.CategoryRepoTest.DeleteAsync_ReturnsFalse_WhenCategoryDoesNotExist" computerName="BHASBENZ" duration="00:00:00.0055158" startTime="2025-05-10T15:46:18.0999353+02:00" endTime="2025-05-10T15:46:18.0999355+02:00" testType="13cdc9d9-ddb5-4fa4-a97d-d965ccfc6d4b" outcome="Passed" testListId="8c84fa94-04c1-424b-9868-57a2d4851a1d" relativeResultsDirectory="b4f06b6f-c379-4e1a-95b1-1e56538e55ac" />
    <UnitTestResult executionId="ece5cd3d-7229-494b-a524-814de88b1d3b" testId="0c4a3f4f-b47e-6441-273e-c4813cb22e9b" testName="StudyJet.API.Tests.RepositoryTests.UserPurchaseCourseRepoTest.SelectPurchasedCourseIdsAsync_ReturnsCorrectPurchasedCourseIds" computerName="BHASBENZ" duration="00:00:00.0113873" startTime="2025-05-10T15:46:18.1589693+02:00" endTime="2025-05-10T15:46:18.1589695+02:00" testType="13cdc9d9-ddb5-4fa4-a97d-d965ccfc6d4b" outcome="Passed" testListId="8c84fa94-04c1-424b-9868-57a2d4851a1d" relativeResultsDirectory="ece5cd3d-7229-494b-a524-814de88b1d3b" />
    <UnitTestResult executionId="ef6b5eb2-fc72-4297-a6bf-124eba494f6f" testId="815d5a84-9c7d-fc91-705f-885e4e4c5065" testName="StudyJet.API.Tests.ControllerTests.CategoryControllerTest.DeleteCategory_ReturnsBadRequest_WhenDeletionIsNotAllowed" computerName="BHASBENZ" duration="00:00:00.0008519" startTime="2025-05-10T15:46:17.4745941+02:00" endTime="2025-05-10T15:46:17.4745941+02:00" testType="13cdc9d9-ddb5-4fa4-a97d-d965ccfc6d4b" outcome="Passed" testListId="8c84fa94-04c1-424b-9868-57a2d4851a1d" relativeResultsDirectory="ef6b5eb2-fc72-4297-a6bf-124eba494f6f" />
    <UnitTestResult executionId="5b7b3665-b44b-4c35-b82b-5c5f5c988d21" testId="05d5e07f-5407-18ba-1042-b1c88b9045e3" testName="StudyJet.API.Tests.ServiceTests.UserServiceTest.GetUserRolesAsync_UserHasRoles_ReturnsRolesList" computerName="BHASBENZ" duration="00:00:00.0013296" startTime="2025-05-10T15:46:17.6518045+02:00" endTime="2025-05-10T15:46:17.6518045+02:00" testType="13cdc9d9-ddb5-4fa4-a97d-d965ccfc6d4b" outcome="Passed" testListId="8c84fa94-04c1-424b-9868-57a2d4851a1d" relativeResultsDirectory="5b7b3665-b44b-4c35-b82b-5c5f5c988d21" />
    <UnitTestResult executionId="0211a557-33d3-4180-bf75-bb16ec6e6ea3" testId="2ce8a734-6590-6f0f-d189-c86d39bb5e7d" testName="StudyJet.API.Tests.ControllerTests.CourseControllerTest.GetTotalCourses_ShouldReturnOk_WhenUserIsNotAdmin_ButAuthorizationIsNotEnforcedInUnitTest" computerName="BHASBENZ" duration="00:00:00.0008709" startTime="2025-05-10T15:46:17.6555745+02:00" endTime="2025-05-10T15:46:17.6555746+02:00" testType="13cdc9d9-ddb5-4fa4-a97d-d965ccfc6d4b" outcome="Passed" testListId="8c84fa94-04c1-424b-9868-57a2d4851a1d" relativeResultsDirectory="0211a557-33d3-4180-bf75-bb16ec6e6ea3" />
    <UnitTestResult executionId="f5b5ca58-5396-479d-8513-0e880c0143cd" testId="516d88f3-8ff2-f889-8f14-ea9bdead51f7" testName="StudyJet.API.Tests.ServiceTests.UserPurchaseCourseServiceTest.PurchaseCourseAsync_ReturnsTrue_WhenNewCoursesPurchased" computerName="BHASBENZ" duration="00:00:00.0063733" startTime="2025-05-10T15:46:17.5473859+02:00" endTime="2025-05-10T15:46:17.5473861+02:00" testType="13cdc9d9-ddb5-4fa4-a97d-d965ccfc6d4b" outcome="Passed" testListId="8c84fa94-04c1-424b-9868-57a2d4851a1d" relativeResultsDirectory="f5b5ca58-5396-479d-8513-0e880c0143cd" />
    <UnitTestResult executionId="3063bba2-ba4a-478e-8543-402b655c6a9f" testId="87b671fd-b5ba-66a0-3da0-8f9e608fd160" testName="StudyJet.API.Tests.ControllerTests.CourseControllerTest.GetById_ShouldReturnOk_WhenCourseExists" computerName="BHASBENZ" duration="00:00:00.0011124" startTime="2025-05-10T15:46:17.6529039+02:00" endTime="2025-05-10T15:46:17.6529040+02:00" testType="13cdc9d9-ddb5-4fa4-a97d-d965ccfc6d4b" outcome="Passed" testListId="8c84fa94-04c1-424b-9868-57a2d4851a1d" relativeResultsDirectory="3063bba2-ba4a-478e-8543-402b655c6a9f" />
    <UnitTestResult executionId="b3335fe6-5359-4f46-aa98-cf32abb707b7" testId="3fd9654e-91fd-0616-25b8-b818e61d42b4" testName="StudyJet.API.Tests.ServiceTests.CategoryServiceTest.AddAsync_ReturnsCategoryId_WhenCategoryIsAddedSuccessfully" computerName="BHASBENZ" duration="00:00:00.0007157" startTime="2025-05-10T15:46:17.4942842+02:00" endTime="2025-05-10T15:46:17.4942843+02:00" testType="13cdc9d9-ddb5-4fa4-a97d-d965ccfc6d4b" outcome="Passed" testListId="8c84fa94-04c1-424b-9868-57a2d4851a1d" relativeResultsDirectory="b3335fe6-5359-4f46-aa98-cf32abb707b7" />
[...]
    <TestEntry testId="6c34085f-88c0-8a6b-8f57-024b88ac3b3e" executionId="8b459158-098b-4924-82d7-f9ab7f5c92fe" testListId="8c84fa94-04c1-424b-9868-57a2d4851a1d" />
    <TestEntry testId="c544190e-5d1c-816c-b334-344172002680" executionId="53cd37f6-a94a-45a7-9855-4dd52a75b6b4" testListId="8c84fa94-04c1-424b-9868-57a2d4851a1d" />
    <TestEntry testId="0c4ee749-a8bd-6552-f244-adf1ea1fa26e" executionId="dd37a929-efbe-468d-a359-e1b60742c2c6" testListId="8c84fa94-04c1-424b-9868-57a2d4851a1d" />
    <TestEntry testId="61f1ec6e-550c-5fb9-7072-675a621a4169" executionId="d5c63990-482b-43da-af97-2a9626ff609f" testListId="8c84fa94-04c1-424b-9868-57a2d4851a1d" />
    <TestEntry testId="f12b7750-289f-85fb-dfb4-62d75e27ce0d" executionId="09efccbf-7408-4b34-99c4-cb502560caaf" testListId="8c84fa94-04c1-424b-9868-57a2d4851a1d" />
    <TestEntry testId="d21ab1ad-007d-267d-2a39-e45df34d2997" executionId="d3aa417c-e80e-4f90-9e86-5f68fddba1f5" testListId="8c84fa94-04c1-424b-9868-57a2d4851a1d" />
    <TestEntry testId="eea1d943-69dd-6336-221d-1e301c2b756f" executionId="3c45c82f-0de9-4ee8-9499-fd2bf5d6f14e" testListId="8c84fa94-04c1-424b-9868-57a2d4851a1d" />
    <TestEntry testId="f53e6a38-f2f8-c86e-c930-43a1752d87ee" executionId="5e91322a-0934-44cf-bb17-17429d1ac247" testListId="8c84fa94-04c1-424b-9868-57a2d4851a1d" />
    <TestEntry testId="2a06e29e-4f08-ab8d-a2c7-71b1d4f43808" executionId="eff91ecd-e45b-4bef-b6e8-14f1c252b1f6" testListId="8c84fa94-04c1-424b-9868-57a2d4851a1d" />
    <TestEntry testId="cc704c1e-d7c7-7f64-8392-d274a4f80e51" executionId="5300e973-40ba-4e29-9c50-b14ff49e6e9f" testListId="8c84fa94-04c1-424b-9868-57a2d4851a1d" />
    <TestEntry testId="542478ea-31d0-6f47-765f-fc3827b8a4c7" executionId="66695b68-d222-4cc7-bf6c-1d6e09346199" testListId="8c84fa94-04c1-424b-9868-57a2d4851a1d" />
    <TestEntry testId="29004455-da0c-a9e9-2aad-680c38422f19" executionId="00c6fcd4-783c-4fc7-9c7d-64efc0bd269d" testListId="8c84fa94-04c1-424b-9868-57a2d4851a1d" />
    <TestEntry testId="6e513a5e-c463-1be5-2bed-c4d3d542e951" executionId="c4906c4b-cda8-4768-8648-fcf7ec5c134a" testListId="8c84fa94-04c1-424b-9868-57a2d4851a1d" />
    <TestEntry testId="d87e746a-e128-524e-c383-834aac5b26fb" executionId="d5a13e98-9373-41b9-808e-43c386a959df" testListId="8c84fa94-04c1-424b-9868-57a2d4851a1d" />
    <TestEntry testId="f29988ac-9988-7861-6435-4efee7509ba3" executionId="d6ce39e4-3475-41e2-bf30-7836ed827c12" testListId="8c84fa94-04c1-424b-9868-57a2d4851a1d" />
    <TestEntry testId="34657ee4-3a8b-ab46-2d8a-7cdfc85b269c" executionId="654f5d2e-765b-43f8-89dc-2afbdcb7a3ab" testListId="8c84fa94-04c1-424b-9868-57a2d4851a1d" />
    <TestEntry testId="1654516e-4b7b-53e2-aebe-3d696461b251" executionId="88e013de-e152-41e5-9330-41f4cdd3638e" testListId="8c84fa94-04c1-424b-9868-57a2d4851a1d" />
    <TestEntry testId="217de2f4-2257-40fd-c677-e3d8dd150b06" executionId="dcb4ba64-00ad-4ab4-8106-6959998cc521" testListId="8c84fa94-04c1-424b-9868-57a2d4851a1d" />
    <TestEntry testId="90a4cf45-266a-5b4e-c31a-fcfc79a050cf" executionId="6521093c-0475-4f0b-b274-31715aa43701" testListId="8c84fa94-04c1-424b-9868-57a2d4851a1d" />
    <TestEntry testId="1925bbd1-e628-d569-a00f-8d8654e6bd15" executionId="4f22d370-d10b-4232-9ca0-a9888eff49f3" testListId="8c84fa94-04c1-424b-9868-57a2d4851a1d" />
    <TestEntry testId="fbdd9e28-d18d-3a6e-a63c-85b33b67482d" executionId="dcd223c5-034d-4578-bb95-8159aa05e497" testListId="8c84fa94-04c1-424b-9868-57a2d4851a1d" />
    <TestEntry testId="66500c30-1acd-a54f-d4dd-6dc048e47df2" executionId="32086822-773c-45c6-b138-229a66d402e3" testListId="8c84fa94-04c1-424b-9868-57a2d4851a1d" />
    <TestEntry testId="db9f57e3-e383-635c-aa80-756cd5f10152" executionId="edb8bb6f-56b1-46c0-941d-22f5afd0e951" testListId="8c84fa94-04c1-424b-9868-57a2d4851a1d" />
    <TestEntry testId="1a35fe7a-bd20-3e5a-5982-9eaef72db6d9" executionId="f8f409b3-2121-4fb7-bc29-5513d0ae68f9" testListId="8c84fa94-04c1-424b-9868-57a2d4851a1d" />
    <TestEntry testId="cfbc59d0-7d37-8e89-026f-d711cb89ee0e" executionId="660030cf-86f3-450f-afe5-a470be44f3a9" testListId="8c84fa94-04c1-424b-9868-57a2d4851a1d" />
    <TestEntry testId="a916340f-44e0-88f7-422a-884b4d9b4adb" executionId="e6a699e7-0281-4988-8ce0-1aec33dbd7c1" testListId="8c84fa94-04c1-424b-9868-57a2d4851a1d" />
    <TestEntry testId="b6b97568-eb2e-3f27-0ad3-d271bf5188de" executionId="9ac14bb9-cf70-4ade-bf0f-8d35677dd8c9" testListId="8c84fa94-04c1-424b-9868-57a2d4851a1d" />
    <TestEntry testId="3abe8e0c-b342-7616-e102-6b75e6bf1628" executionId="1e17f3e2-66fd-4119-9fca-3cc78547eb67" testListId="8c84fa94-04c1-424b-9868-57a2d4851a1d" />
    <TestEntry testId="60ec8fbf-18d7-0354-34da-cbf43e741666" executionId="9ef6780f-4b3b-491d-a596-d93640f71299" testListId="8c84fa94-04c1-424b-9868-57a2d4851a1d" />
    <TestEntry testId="ba26d002-e2c7-3672-d244-43c4aa6f3f4d" executionId="6ae31460-533b-48e8-a2e7-7d600d0bbbb2" testListId="8c84fa94-04c1-424b-9868-57a2d4851a1d" />
    <TestEntry testId="8a41e963-0fcb-ac6b-51f8-9dd3233f2958" executionId="e97cb3f8-f1d5-4e61-b60f-164f360a285a" testListId="8c84fa94-04c1-424b-9868-57a2d4851a1d" />
    <TestEntry testId="dbf9e601-1bbe-d042-a564-ff568b0330e0" executionId="e98fb200-aedd-433b-b6e6-49a563bc4cd6" testListId="8c84fa94-04c1-424b-9868-57a2d4851a1d" />
    <TestEntry testId="a8205c24-5dab-aa54-ccb6-90a13414be22" executionId="a9a37e12-30d5-4a04-a1a4-8e3a6100a1da" testListId="8c84fa94-04c1-424b-9868-57a2d4851a1d" />
    <TestEntry testId="b5ef7883-077a-a7ae-3d78-2ec3e6795c7e" executionId="e9f14969-205f-437a-8eb4-ee9fafff24b8" testListId="8c84fa94-04c1-424b-9868-57a2d4851a1d" />
    <TestEntry testId="05bedbbe-9715-4dd4-e9a6-bb171d9f7899" executionId="b80b216e-d90b-4800-855c-58257c76fabb" testListId="8c84fa94-04c1-424b-9868-57a2d4851a1d" />
    <TestEntry testId="87da987e-727f-9a5c-88f2-f5aec1155746" executionId="a88ffee7-0b9e-4fcb-93b0-aae63733f1aa" testListId="8c84fa94-04c1-424b-9868-57a2d4851a1d" />
    <TestEntry testId="a81cee90-9225-7b08-16c3-d566bcb8578a" executionId="90176aa9-ddb3-48a1-9a43-dafc1a0959e4" testListId="8c84fa94-04c1-424b-9868-57a2d4851a1d" />
    <TestEntry testId="486eeeb3-cddb-fe87-9275-950590cfa8ab" executionId="1dfbbd31-87ec-47fb-90a9-413f01c675f4" testListId="8c84fa94-04c1-424b-9868-57a2d4851a1d" />
    <TestEntry testId="22ade453-581f-7752-0861-063047b89962" executionId="fe53003a-be7e-4808-9522-76ecb953653d" testListId="8c84fa94-04c1-424b-9868-57a2d4851a1d" />
    <TestEntry testId="ed4e7905-a9e4-ac98-64af-fccd07cf2f7f" executionId="417dce8a-6c40-4089-b40e-3f7a58eba2de" testListId="8c84fa94-04c1-424b-9868-57a2d4851a1d" />
    <TestEntry testId="20b7a720-e17e-9929-58d8-c4c529ffa7db" executionId="98b9aba9-8193-4a9d-9339-00bf1ca40e84" testListId="8c84fa94-04c1-424b-9868-57a2d4851a1d" />
    <TestEntry testId="596da082-b4b9-b970-7def-13b0d4dac510" executionId="d5f8e150-1b10-49e2-9c56-961b2ebe821f" testListId="8c84fa94-04c1-424b-9868-57a2d4851a1d" />
    <TestEntry testId="f808095e-123c-4bd2-6523-237a31c2d188" executionId="6e5f46b5-6a08-476f-8a33-8193b929a8c3" testListId="8c84fa94-04c1-424b-9868-57a2d4851a1d" />
    <TestEntry testId="e4744be2-2ab3-5ed2-8ba4-2de162fb8e8f" executionId="0675ed7b-d62c-4e7d-ba3e-a17f3e37990c" testListId="8c84fa94-04c1-424b-9868-57a2d4851a1d" />
    <TestEntry testId="3e933234-ad8b-f31d-38cc-1d4845cce8df" executionId="9f40c022-74e1-4b3f-a1f6-d20bf27adf41" testListId="8c84fa94-04c1-424b-9868-57a2d4851a1d" />
    <TestEntry testId="d2e8fd75-841f-b18e-77b6-5be0d3d530a6" executionId="0aa6c47f-f848-496e-8475-b5d595143796" testListId="8c84fa94-04c1-424b-9868-57a2d4851a1d" />
    <TestEntry testId="7aa75c68-e3d8-a00a-1438-1687278c65e9" executionId="7d2a48b6-573c-462c-9f99-bec7cb199e24" testListId="8c84fa94-04c1-424b-9868-57a2d4851a1d" />
    <TestEntry testId="9f63aeec-1e85-ece2-24bf-2b70ac3b4632" executionId="e84f7635-75e9-4728-980f-51fb22cdff97" testListId="8c84fa94-04c1-424b-9868-57a2d4851a1d" />
    <TestEntry testId="8b04039b-bb89-5627-438f-e8deb4804369" executionId="bd24173a-30e9-430d-80ad-0d447f5b002a" testListId="8c84fa94-04c1-424b-9868-57a2d4851a1d" />
    <TestEntry testId="da71100d-5341-e7ea-348c-01683433b40e" executionId="d8d704a1-8bec-4177-b219-44768da9e17b" testListId="8c84fa94-04c1-424b-9868-57a2d4851a1d" />
    <TestEntry testId="802797a7-9f42-332e-6c4e-e658daf0f6b5" executionId="1c459b11-32d9-48a3-a9f6-3a64c1e809c0" testListId="8c84fa94-04c1-424b-9868-57a2d4851a1d" />
    <TestEntry testId="fc86c617-e53c-9d12-6669-79cb101a8cc8" executionId="9a4d75ce-1052-4b12-abc9-1b26e35918b4" testListId="8c84fa94-04c1-424b-9868-57a2d4851a1d" />
    <TestEntry testId="32ef234b-4157-3e8e-035c-7cc1206562ea" executionId="b43dac12-366e-438d-b513-befce9ef6c95" testListId="8c84fa94-04c1-424b-9868-57a2d4851a1d" />
    <TestEntry testId="de273a74-9d59-9bfe-13a2-26dc8d6a86b8" executionId="fe8ef77e-a86f-4426-aef4-13248443fa1a" testListId="8c84fa94-04c1-424b-9868-57a2d4851a1d" />
    <TestEntry testId="d57e9866-04ac-a383-2e34-7f4f59f87c43" executionId="0fd2713a-b9c9-416d-9046-1b3d44a6fac9" testListId="8c84fa94-04c1-424b-9868-57a2d4851a1d" />
    <TestEntry testId="0d3c9e41-8fee-2664-398f-364458d77c65" executionId="8f007c0b-4ee6-4cd2-94f5-17f8863d6ee0" testListId="8c84fa94-04c1-424b-9868-57a2d4851a1d" />
    <TestEntry testId="b66499a9-2476-2776-c0e1-04fcca7ff636" executionId="6f03d825-381b-4988-a8e8-882764420031" testListId="8c84fa94-04c1-424b-9868-57a2d4851a1d" />
    <TestEntry testId="e4c4294c-15a6-7d16-53e3-7ce2d6ebac15" executionId="3cf44405-9c5d-4483-aabe-7c7655e81f84" testListId="8c84fa94-04c1-424b-9868-57a2d4851a1d" />
    <TestEntry testId="ff47728d-4353-1ee9-a66e-b39166811572" executionId="ba5f2889-37b6-4e99-93ac-997379bcdfc2" testListId="8c84fa94-04c1-424b-9868-57a2d4851a1d" />
    <TestEntry testId="449a6cc3-f7b5-1084-055b-e025f3fdddb8" executionId="37d57bed-cee7-49e1-b3f0-8e3b2f9cd308" testListId="8c84fa94-04c1-424b-9868-57a2d4851a1d" />
    <TestEntry testId="48f02a8a-4721-7c18-c851-cf1e84e7313c" executionId="7cc6538a-eec3-4207-b6af-0c1f889827c1" testListId="8c84fa94-04c1-424b-9868-57a2d4851a1d" />
    <TestEntry testId="b3a4d3f3-70d2-e865-f57b-299ee2742098" executionId="15f28e4d-30de-400a-b2e8-a08ed15d1d7c" testListId="8c84fa94-04c1-424b-9868-57a2d4851a1d" />
    <TestEntry testId="43a5e444-2563-44e6-ad7b-dec7c336318a" executionId="c581222c-f15e-48b4-8165-d2cab2c7b074" testListId="8c84fa94-04c1-424b-9868-57a2d4851a1d" />
    <TestEntry testId="88a00776-c466-5215-35f0-ab61725a78da" executionId="0a187d33-1564-4b91-ad0e-b9520c6a3141" testListId="8c84fa94-04c1-424b-9868-57a2d4851a1d" />
    <TestEntry testId="5a2d1d49-e8cf-0108-0ac6-7956d6d97c7e" executionId="cba2e862-d1a1-4770-88a0-4adda5f138d7" testListId="8c84fa94-04c1-424b-9868-57a2d4851a1d" />
    <TestEntry testId="e9ea43a2-921e-9004-4d56-97c108057362" executionId="d1c1b14d-a3a0-4d02-8c76-e48093908e88" testListId="8c84fa94-04c1-424b-9868-57a2d4851a1d" />
    <TestEntry testId="de7a1910-4abe-c60b-f170-2d3b12ceb879" executionId="e2578303-a351-4b98-95a1-bbef29a0d2cd" testListId="8c84fa94-04c1-424b-9868-57a2d4851a1d" />
    <TestEntry testId="13106235-8398-b9d9-7ec2-48fc45a5fda8" executionId="abb7501f-bc4d-4ba8-978c-132a8f23895f" testListId="8c84fa94-04c1-424b-9868-57a2d4851a1d" />
    <TestEntry testId="8a5c7590-0eb2-4f6e-ec80-f8fb496895db" executionId="d137acf1-c39f-44bc-be7b-77022842cefe" testListId="8c84fa94-04c1-424b-9868-57a2d4851a1d" />
    <TestEntry testId="e4c9cf14-12ab-7f9f-8cf5-aaa445e46125" executionId="33faac05-543b-4dc1-8ec4-bc809c2abc46" testListId="8c84fa94-04c1-424b-9868-57a2d4851a1d" />
    <TestEntry testId="ea0eb7a3-aa96-5313-7b12-6a1ed929a83a" executionId="2bda2eee-1629-45e6-b6eb-7222849cc213" testListId="8c84fa94-04c1-424b-9868-57a2d4851a1d" />
    <TestEntry testId="bc8e7a7f-b5fe-5321-9387-41e970d05ffb" executionId="c33ec46b-5f2c-4aaa-982c-7cbd1648c181" testListId="8c84fa94-04c1-424b-9868-57a2d4851a1d" />
    <TestEntry testId="4425c0e6-fb99-d5f1-ff76-00d6580360fd" executionId="885a7597-8e04-482b-b1f7-8fca8da41adb" testListId="8c84fa94-04c1-424b-9868-57a2d4851a1d" />
    <TestEntry testId="dac3487b-d381-6150-19bf-9b92ea367574" executionId="45bc484b-abe2-4258-846b-cc813163dde1" testListId="8c84fa94-04c1-424b-9868-57a2d4851a1d" />
    <TestEntry testId="a40ff9a5-2f31-8458-14a3-f3e3fe9763e1" executionId="4628ff86-b3f6-40fd-b21d-cd29ccbc6b88" testListId="8c84fa94-04c1-424b-9868-57a2d4851a1d" />
    <TestEntry testId="b5b844b0-49e2-4a9e-3c36-9ff27d047a2a" executionId="ce2fc3c9-01e9-4459-8f25-f7be6ae62b5c" testListId="8c84fa94-04c1-424b-9868-57a2d4851a1d" />
    <TestEntry testId="5917cd42-9469-4ff3-cf2d-488fe41ec3f9" executionId="a01b3c3a-3330-4e6d-a509-e11476b435c4" testListId="8c84fa94-04c1-424b-9868-57a2d4851a1d" />
    <TestEntry testId="2731e003-37b3-7a3a-09f6-f54a6b0c9e53" executionId="6b035785-805b-430d-a66b-bb551f278111" testListId="8c84fa94-04c1-424b-9868-57a2d4851a1d" />
    <TestEntry testId="015f5187-ea42-9937-2523-4f0f673830cd" executionId="33a9f474-18b3-4158-b51c-a5dbaffa50f0" testListId="8c84fa94-04c1-424b-9868-57a2d4851a1d" />
    <TestEntry testId="09b36d79-9cfa-4218-6751-afb2e11da2fb" executionId="26d1d390-c67f-4c0b-a009-1d20776c3ca0" testListId="8c84fa94-04c1-424b-9868-57a2d4851a1d" />
    <TestEntry testId="a4b71c45-3d91-c279-bf05-beefafda0f09" executionId="3268bb68-914f-4a9a-9235-2679990be432" testListId="8c84fa94-04c1-424b-9868-57a2d4851a1d" />
    <TestEntry testId="3a1dcb71-5d6c-cae9-6b39-68615c884598" executionId="046235b6-0bdc-4b2b-b3ab-cf912c81104e" testListId="8c84fa94-04c1-424b-9868-57a2d4851a1d" />
    <TestEntry testId="0f5239fe-0e0c-b409-85d1-ea60347bf178" executionId="e50661c0-2270-4ed8-a2ec-4aae2b019d96" testListId="8c84fa94-04c1-424b-9868-57a2d4851a1d" />
    <TestEntry testId="1c3a5dab-4f23-9a77-4ccc-08eb1fb56846" executionId="01afe785-443e-428f-9326-61560bdcf4f4" testListId="8c84fa94-04c1-424b-9868-57a2d4851a1d" />
    <TestEntry testId="d09ad02c-b956-2906-ebb6-36ba3b7fcf51" executionId="91149074-5594-4e70-a62f-4a656271ad1b" testListId="8c84fa94-04c1-424b-9868-57a2d4851a1d" />
    <TestEntry testId="ebd68788-384c-436d-f5ca-aeb0723120ca" executionId="ac6ea5ab-b840-4f63-b5ec-38e311cc2ccb" testListId="8c84fa94-04c1-424b-9868-57a2d4851a1d" />
    <TestEntry testId="2aa00e9a-fafe-8afa-2311-87da51a09bf9" executionId="df949f9b-9e20-48c2-8e40-af3e20a14550" testListId="8c84fa94-04c1-424b-9868-57a2d4851a1d" />
    <TestEntry testId="d74ed8d9-fb78-853e-8c91-d977f724d433" executionId="506552fb-926b-4f1e-8a7c-d5edebd06329" testListId="8c84fa94-04c1-424b-9868-57a2d4851a1d" />
    <TestEntry testId="56edc7be-c74e-8951-37fb-bdcccb4cb8a9" executionId="3eccdcbd-c1aa-4c1a-b6d5-ab1e7a65d016" testListId="8c84fa94-04c1-424b-9868-57a2d4851a1d" />
    <TestEntry testId="7c7caab9-d99c-af01-f28d-fa02637c4be5" executionId="a948e7f7-4bbb-4cf0-8367-546ac514d090" testListId="8c84fa94-04c1-424b-9868-57a2d4851a1d" />
    <TestEntry testId="d003e7e6-921b-1169-f9a9-700084bb895d" executionId="45ff3811-37fd-4faf-9994-676f31aa0b89" testListId="8c84fa94-04c1-424b-9868-57a2d4851a1d" />
    <TestEntry testId="c03ebf93-dcee-4f07-2cff-1d23554ba366" executionId="6597e022-e7a6-4deb-a2d3-cf8375893120" testListId="8c84fa94-04c1-424b-9868-57a2d4851a1d" />
    <TestEntry testId="f602c089-c1bb-9a98-8435-5804f9e76c9b" executionId="11f34b1d-a83a-4803-b37d-691c80c8c908" testListId="8c84fa94-04c1-424b-9868-57a2d4851a1d" />
    <TestEntry testId="ca634cf5-b7e8-fd4c-c359-d15b5a4cf5c3" executionId="4d4e516e-a606-487a-ac7f-e06a695c335a" testListId="8c84fa94-04c1-424b-9868-57a2d4851a1d" />
    <TestEntry testId="03a69edb-9e94-a366-6539-f6a93c1df523" executionId="c5d91204-ba52-42a9-8426-9840fae03dfb" testListId="8c84fa94-04c1-424b-9868-57a2d4851a1d" />
    <TestEntry testId="e4361ece-0f34-723b-8e1f-d7a7c38f72d4" executionId="6bd8e70e-2882-4cde-b3de-ecd7ece94439" testListId="8c84fa94-04c1-424b-9868-57a2d4851a1d" />
    <TestEntry testId="5060cf81-5e7f-d4e6-5474-403bf18668d2" executionId="6062c9cd-6f39-4c59-868e-d680da3ead4f" testListId="8c84fa94-04c1-424b-9868-57a2d4851a1d" />
    <TestEntry testId="6865a7d9-6559-c754-1461-8bb28b5f0016" executionId="a48b688f-2987-448e-ac41-ea135e227c71" testListId="8c84fa94-04c1-424b-9868-57a2d4851a1d" />
    <TestEntry testId="1cc0a9ce-333e-6bd2-d571-9fed8bb72c84" executionId="14eb9fb4-813a-4a86-bd15-b13a8cdf3874" testListId="8c84fa94-04c1-424b-9868-57a2d4851a1d" />
    <TestEntry testId="62e494f7-31ca-2498-ee63-184c5194d3d8" executionId="ff17cc1a-6cdd-4fac-b8e3-b312c2cae19a" testListId="8c84fa94-04c1-424b-9868-57a2d4851a1d" />
    <TestEntry testId="6131c4bf-38b9-6207-a266-59a3fe8a6cb2" executionId="c8f6e244-e320-4215-a0b0-8741db9e1921" testListId="8c84fa94-04c1-424b-9868-57a2d4851a1d" />
    <TestEntry testId="8313d0a0-3f5a-71b9-40e3-58fd96581209" executionId="d04de717-53ce-4d35-80fd-6e323aa34c6f" testListId="8c84fa94-04c1-424b-9868-57a2d4851a1d" />
    <TestEntry testId="526864aa-5f22-42e1-c696-302296443599" executionId="bc403c13-67e4-4c77-9ae2-ca069204f68c" testListId="8c84fa94-04c1-424b-9868-57a2d4851a1d" />
    <TestEntry testId="31dc1315-0c88-b773-6b76-aa852536afcd" executionId="8dd2cbae-56bb-4861-91ac-6b291ccd6935" testListId="8c84fa94-04c1-424b-9868-57a2d4851a1d" />
    <TestEntry testId="4b28da60-51ac-f024-ffe9-398c9e20e6a0" executionId="2f91d0ab-90ac-40cc-9dcf-f6d6b08d50cf" testListId="8c84fa94-04c1-424b-9868-57a2d4851a1d" />
    <TestEntry testId="1bc5ffc6-9388-e4be-bce9-f32ddb600f3f" executionId="26ada8ca-c26f-4229-923e-b5c9493538df" testListId="8c84fa94-04c1-424b-9868-57a2d4851a1d" />
    <TestEntry testId="1b509521-f549-94cb-9b76-1cda3c1f268c" executionId="050a80a5-59fa-4e99-8948-eeb9d0b46ce6" testListId="8c84fa94-04c1-424b-9868-57a2d4851a1d" />
    <TestEntry testId="40e3caa8-1e02-05d4-6036-8357ce10b618" executionId="73cbb8da-1020-4c86-8a0c-554108fb7a0a" testListId="8c84fa94-04c1-424b-9868-57a2d4851a1d" />
  </TestEntries>
  <TestLists>
    <TestList name="Results Not in a List" id="8c84fa94-04c1-424b-9868-57a2d4851a1d" />
    <TestList name="All Loaded Results" id="19431567-8539-422a-85d7-44ee4e166bda" />
  </TestLists>
  <ResultSummary outcome="Completed">
    <Counters total="431" executed="429" passed="429" failed="0" error="0" timeout="0" aborted="0" inconclusive="0" passedButRunAborted="0" notRunnable="0" notExecuted="0" disconnected="0" warning="0" completed="0" inProgress="0" pending="0" />
    <Output>
      <StdOut>[xUnit.net 00:00:00.00] xUnit.net VSTest Adapter v2.5.3.1+6b60a9e56a (64-bit .NET 8.0.6)&#xD;
[xUnit.net 00:00:00.13]   Discovering: StudyJet.API.Tests&#xD;
[xUnit.net 00:00:00.19]   Discovered:  StudyJet.API.Tests&#xD;
[xUnit.net 00:00:00.19]   Starting:    StudyJet.API.Tests&#xD;
[xUnit.net 00:00:00.38]       Skipping test for CreateCheckoutSession due to Stripe external dependency.&#xD;
Test 'StudyJet.API.Tests.ServiceTests.UserPurchaseCourseServiceTest.CreateCheckoutSession_ShouldReturnSessionUrl_WhenValidDataProvided' was skipped in the test run.&#xD;
[xUnit.net 00:00:00.42]       Skipping due to difficulty in mocking static methods&#xD;
Test 'StudyJet.API.Tests.ControllerTests.UserPurchaseCourseControllerTest.StripeWebhook_ShouldReturnOk_WhenCheckoutSessionCompletedWithValidMetadata' was skipped in the test run.&#xD;
[xUnit.net 00:00:01.28]   Finished:    StudyJet.API.Tests&#xD;
</StdOut>
    </Output>
    <RunInfos>
      <RunInfo computerName="BHASBENZ" outcome="Warning" timestamp="2025-05-10T15:46:17.5492830+02:00">
        <Text>[xUnit.net 00:00:00.38]     StudyJet.API.Tests.ServiceTests.UserPurchaseCourseServiceTest.CreateCheckoutSession_ShouldReturnSessionUrl_WhenValidDataProvided [SKIP]</Text>
      </RunInfo>
      <RunInfo computerName="BHASBENZ" outcome="Warning" timestamp="2025-05-10T15:46:17.5892710+02:00">
        <Text>[xUnit.net 00:00:00.42]     StudyJet.API.Tests.ControllerTests.UserPurchaseCourseControllerTest.StripeWebhook_ShouldReturnOk_WhenCheckoutSessionCompletedWithValidMetadata [SKIP]</Text>
      </RunInfo>
    </RunInfos>
  </ResultSummary>
</TestRun>